#
# There is insufficient memory for the Java Runtime Environment to continue.
# Native memory allocation (mmap) failed to map 222298112 bytes for Failed to commit area from 0x000000008ea00000 to 0x000000009be00000 of length 222298112.
# Possible reasons:
#   The system is out of physical RAM or swap space
#   The process is running with CompressedOops enabled, and the Java Heap may be blocking the growth of the native heap
# Possible solutions:
#   Reduce memory load on the system
#   Increase physical memory or swap space
#   Check if swap backing store is full
#   Decrease Java heap size (-Xmx/-Xms)
#   Decrease number of Java threads
#   Decrease Java thread stack sizes (-Xss)
#   Set larger code cache with -XX:ReservedCodeCacheSize=
#   JVM is running with Unscaled Compressed Oops mode in which the Java heap is
#     placed in the first 4GB address space. The Java Heap base address is the
#     maximum limit for the native heap growth. Please use -XX:HeapBaseMinAddress
#     to set the Java Heap base and to place the Java Heap above 4GB virtual address.
# This output file may be truncated or incomplete.
#
#  Out of Memory Error (./src/hotspot/os/windows/os_windows.cpp:3521), pid=4004, tid=820
#
# JRE version: OpenJDK Runtime Environment (11.0.12+7) (build 11.0.12+7-b1504.28-7817840)
# Java VM: OpenJDK 64-Bit Server VM (11.0.12+7-b1504.28-7817840, mixed mode, tiered, compressed oops, g1 gc, windows-amd64)
# No core dump will be written. Minidumps are not enabled by default on client versions of Windows
#

---------------  S U M M A R Y ------------

Command Line: --add-opens=java.base/java.util=ALL-UNNAMED --add-opens=java.base/java.lang=ALL-UNNAMED --add-opens=java.base/java.lang.invoke=ALL-UNNAMED --add-opens=java.base/java.util=ALL-UNNAMED --add-opens=java.prefs/java.util.prefs=ALL-UNNAMED --add-opens=java.prefs/java.util.prefs=ALL-UNNAMED --add-opens=java.base/java.nio.charset=ALL-UNNAMED --add-opens=java.base/java.net=ALL-UNNAMED --add-opens=java.base/java.util.concurrent.atomic=ALL-UNNAMED -Xmx2048m -Dfile.encoding=UTF-8 -Duser.country=RU -Duser.language=ru -Duser.variant org.gradle.launcher.daemon.bootstrap.GradleDaemon 7.3.3

Host: Intel(R) Core(TM) i3-6006U CPU @ 2.00GHz, 4 cores, 3G,  Windows 10 , 64 bit Build 19041 (10.0.19041.1645)
Time: Sat Aug 13 19:24:57 2022 Западная Азия (зима) elapsed time: 116.796255 seconds (0d 0h 1m 56s)

---------------  T H R E A D  ---------------

Current thread (0x00000221fb7d1000):  VMThread "VM Thread" [stack: 0x000000f2ca800000,0x000000f2ca900000] [id=820]

Stack: [0x000000f2ca800000,0x000000f2ca900000]
[error occurred during error reporting (printing stack bounds), id 0xc0000005, EXCEPTION_ACCESS_VIOLATION (0xc0000005) at pc=0x00000221e4f5112d]

Native frames: (J=compiled Java code, j=interpreted, Vv=VM code, C=native code)
V  [jvm.dll+0x5fbcea]
V  [jvm.dll+0x731905]
V  [jvm.dll+0x732f1d]
V  [jvm.dll+0x733535]
V  [jvm.dll+0x7334eb]
V  [jvm.dll+0x5fb080]
V  [jvm.dll+0x5fb818]
C  [ntdll.dll+0xa20cf]
C  [ntdll.dll+0x51454]
C  [ntdll.dll+0xa0bfe]
C  0x00000221e4f5112d

VM_Operation (0x000000f2d06fdb20): G1CollectForAllocation, mode: safepoint, requested by thread 0x0000022180854800


---------------  P R O C E S S  ---------------

Threads class SMR info:
_java_thread_list=0x00000221fe3b05f0, length=94, elements={
0x00000221dfc5d800, 0x00000221fb7d4800, 0x00000221fb7e2000, 0x00000221fb7f7800,
0x00000221fb7fa800, 0x00000221fb7fc000, 0x00000221fb7fd000, 0x00000221fb804000,
0x00000221fb80f800, 0x00000221fc2f7800, 0x00000221fd7e1000, 0x00000221fd087000,
0x00000221fd320800, 0x00000221fc388000, 0x00000221fc389000, 0x00000221fd1fd000,
0x00000221fd892800, 0x00000221fda55000, 0x00000221fd668800, 0x00000221fd66a800,
0x00000221fd666800, 0x00000221fd66c000, 0x00000221fd66d000, 0x00000221fd667000,
0x00000221fd669800, 0x00000221fd668000, 0x00000221feec3800, 0x00000221feec2000,
0x00000221feec6000, 0x00000221feec3000, 0x00000221feec5800, 0x00000221feec1800,
0x00000221feec8800, 0x00000221feecb000, 0x00000221feec9800, 0x00000221feec8000,
0x00000221feecd800, 0x00000221feed0000, 0x00000221feecf000, 0x00000221feece800,
0x00000221feeca800, 0x00000221feecc000, 0x00000221feecc800, 0x00000221fe8c4000,
0x00000221fe8c3800, 0x00000221fe8be800, 0x00000221fe8c5000, 0x00000221fe8bf800,
0x00000221fe8c2800, 0x00000221fe8c1000, 0x00000221fe8c1800, 0x00000221fe8c6000,
0x00000221fe8c0000, 0x00000221fe8ca000, 0x00000221fe8cb800, 0x00000221fe8c9000,
0x00000221fe8cc800, 0x00000221fe8c7800, 0x00000221fe8c6800, 0x00000221fe8cd000,
0x00000221fe8c8000, 0x00000221fe8ca800, 0x00000221fef33000, 0x00000221fef36800,
0x00000221fef37000, 0x00000221fef34000, 0x00000221fef32800, 0x00000221fef38000,
0x00000221fef39000, 0x00000221fef39800, 0x00000221fef34800, 0x00000221fef3b800,
0x00000221fef3a800, 0x00000221fef35800, 0x00000221fef41000, 0x00000221fef40000,
0x00000221fef3c000, 0x00000221fef3d000, 0x00000221fef3d800, 0x00000221fef3e800,
0x0000022180858000, 0x0000022180852800, 0x0000022180856800, 0x0000022180857000,
0x0000022180853000, 0x0000022180859000, 0x0000022180f6c800, 0x0000022180859800,
0x0000022180854000, 0x000002218085a800, 0x0000022180854800, 0x000002218085b800,
0x0000022180855800, 0x000002218085e800
}

Java Threads: ( => current thread )
  0x00000221dfc5d800 JavaThread "main" [_thread_blocked, id=2940, stack(0x000000f2ca200000,0x000000f2ca300000)]
  0x00000221fb7d4800 JavaThread "Reference Handler" daemon [_thread_blocked, id=2484, stack(0x000000f2ca900000,0x000000f2caa00000)]
  0x00000221fb7e2000 JavaThread "Finalizer" daemon [_thread_blocked, id=3768, stack(0x000000f2caa00000,0x000000f2cab00000)]
  0x00000221fb7f7800 JavaThread "Signal Dispatcher" daemon [_thread_blocked, id=7608, stack(0x000000f2cab00000,0x000000f2cac00000)]
  0x00000221fb7fa800 JavaThread "Attach Listener" daemon [_thread_blocked, id=2968, stack(0x000000f2cac00000,0x000000f2cad00000)]
  0x00000221fb7fc000 JavaThread "Service Thread" daemon [_thread_blocked, id=2092, stack(0x000000f2cad00000,0x000000f2cae00000)]
  0x00000221fb7fd000 JavaThread "C2 CompilerThread0" daemon [_thread_blocked, id=6692, stack(0x000000f2cae00000,0x000000f2caf00000)]
  0x00000221fb804000 JavaThread "C1 CompilerThread0" daemon [_thread_blocked, id=7620, stack(0x000000f2caf00000,0x000000f2cb000000)]
  0x00000221fb80f800 JavaThread "Sweeper thread" daemon [_thread_blocked, id=5700, stack(0x000000f2cb000000,0x000000f2cb100000)]
  0x00000221fc2f7800 JavaThread "Common-Cleaner" daemon [_thread_blocked, id=3624, stack(0x000000f2cb100000,0x000000f2cb200000)]
  0x00000221fd7e1000 JavaThread "Daemon health stats" [_thread_blocked, id=9272, stack(0x000000f2cb400000,0x000000f2cb500000)]
  0x00000221fd087000 JavaThread "Incoming local TCP Connector on port 53162" [_thread_in_native, id=6824, stack(0x000000f2cb500000,0x000000f2cb600000)]
  0x00000221fd320800 JavaThread "Daemon periodic checks" [_thread_blocked, id=5792, stack(0x000000f2cb600000,0x000000f2cb700000)]
  0x00000221fc388000 JavaThread "Daemon" [_thread_blocked, id=5628, stack(0x000000f2cb700000,0x000000f2cb800000)]
  0x00000221fc389000 JavaThread "Handler for socket connection from /127.0.0.1:53162 to /127.0.0.1:53163" [_thread_in_native, id=6032, stack(0x000000f2cb800000,0x000000f2cb900000)]
  0x00000221fd1fd000 JavaThread "Cancel handler" [_thread_blocked, id=6932, stack(0x000000f2cb900000,0x000000f2cba00000)]
  0x00000221fd892800 JavaThread "Daemon worker" [_thread_blocked, id=3464, stack(0x000000f2cba00000,0x000000f2cbb00000)]
  0x00000221fda55000 JavaThread "Asynchronous log dispatcher for DefaultDaemonConnection: socket connection from /127.0.0.1:53162 to /127.0.0.1:53163" [_thread_blocked, id=8164, stack(0x000000f2cbd00000,0x000000f2cbe00000)]
  0x00000221fd668800 JavaThread "Daemon client event forwarder" [_thread_blocked, id=4228, stack(0x000000f2cbf00000,0x000000f2cc000000)]
  0x00000221fd66a800 JavaThread "Cache worker for journal cache (C:\Users\User\.gradle\caches\journal-1)" [_thread_blocked, id=9852, stack(0x000000f2cc000000,0x000000f2cc100000)]
  0x00000221fd666800 JavaThread "File lock request listener" [_thread_in_native, id=6744, stack(0x000000f2cc100000,0x000000f2cc200000)]
  0x00000221fd66c000 JavaThread "Cache worker for file hash cache (C:\Users\User\.gradle\caches\7.3.3\fileHashes)" [_thread_blocked, id=7428, stack(0x000000f2cc200000,0x000000f2cc300000)]
  0x00000221fd66d000 JavaThread "Cache worker for file hash cache (D:\JAVA\AmaliyDars\PDP Task\UITask\.gradle\7.3.3\fileHashes)" [_thread_blocked, id=4552, stack(0x000000f2cc300000,0x000000f2cc400000)]
  0x00000221fd667000 JavaThread "File watcher server" daemon [_thread_blocked, id=6968, stack(0x000000f2cc400000,0x000000f2cc500000)]
  0x00000221fd669800 JavaThread "File watcher consumer" daemon [_thread_blocked, id=10192, stack(0x000000f2cc500000,0x000000f2cc600000)]
  0x00000221fd668000 JavaThread "Cache worker for checksums cache (D:\JAVA\AmaliyDars\PDP Task\UITask\.gradle\7.3.3\checksums)" [_thread_blocked, id=9704, stack(0x000000f2cc600000,0x000000f2cc700000)]
  0x00000221feec3800 JavaThread "Cache worker for cache directory md-supplier (C:\Users\User\.gradle\caches\7.3.3\md-supplier)" [_thread_blocked, id=6844, stack(0x000000f2cc700000,0x000000f2cc800000)]
  0x00000221feec2000 JavaThread "Cache worker for cache directory md-rule (C:\Users\User\.gradle\caches\7.3.3\md-rule)" [_thread_blocked, id=4848, stack(0x000000f2cc800000,0x000000f2cc900000)]
  0x00000221feec6000 JavaThread "Cache worker for execution history cache (C:\Users\User\.gradle\caches\7.3.3\executionHistory)" [_thread_blocked, id=8800, stack(0x000000f2cc900000,0x000000f2cca00000)]
  0x00000221feec3000 JavaThread "jar transforms" [_thread_blocked, id=7988, stack(0x000000f2cca00000,0x000000f2ccb00000)]
  0x00000221feec5800 JavaThread "Cache worker for file content cache (C:\Users\User\.gradle\caches\7.3.3\fileContent)" [_thread_blocked, id=6672, stack(0x000000f2ccb00000,0x000000f2ccc00000)]
  0x00000221feec1800 JavaThread "jar transforms Thread 2" [_thread_blocked, id=4144, stack(0x000000f2ccc00000,0x000000f2ccd00000)]
  0x00000221feec8800 JavaThread "Cache worker for dependencies-accessors (D:\JAVA\AmaliyDars\PDP Task\UITask\.gradle\7.3.3\dependencies-accessors)" [_thread_blocked, id=6160, stack(0x000000f2ccd00000,0x000000f2cce00000)]
  0x00000221feecb000 JavaThread "jar transforms Thread 3" [_thread_blocked, id=6736, stack(0x000000f2cce00000,0x000000f2ccf00000)]
  0x00000221feec9800 JavaThread "Cache worker for Build Output Cleanup Cache (D:\JAVA\AmaliyDars\PDP Task\UITask\.gradle\buildOutputCleanup)" [_thread_blocked, id=4024, stack(0x000000f2ccf00000,0x000000f2cd000000)]
  0x00000221feec8000 JavaThread "Unconstrained build operations" [_thread_blocked, id=5152, stack(0x000000f2cd000000,0x000000f2cd100000)]
  0x00000221feecd800 JavaThread "Unconstrained build operations Thread 2" [_thread_blocked, id=9180, stack(0x000000f2cd100000,0x000000f2cd200000)]
  0x00000221feed0000 JavaThread "Unconstrained build operations Thread 3" [_thread_blocked, id=1840, stack(0x000000f2cd200000,0x000000f2cd300000)]
  0x00000221feecf000 JavaThread "Unconstrained build operations Thread 4" [_thread_blocked, id=9076, stack(0x000000f2cd300000,0x000000f2cd400000)]
  0x00000221feece800 JavaThread "Unconstrained build operations Thread 5" [_thread_blocked, id=9192, stack(0x000000f2cd400000,0x000000f2cd500000)]
  0x00000221feeca800 JavaThread "Unconstrained build operations Thread 6" [_thread_blocked, id=4060, stack(0x000000f2cd500000,0x000000f2cd600000)]
  0x00000221feecc000 JavaThread "Unconstrained build operations Thread 7" [_thread_blocked, id=4724, stack(0x000000f2cd600000,0x000000f2cd700000)]
  0x00000221feecc800 JavaThread "Unconstrained build operations Thread 8" [_thread_blocked, id=8344, stack(0x000000f2cd700000,0x000000f2cd800000)]
  0x00000221fe8c4000 JavaThread "Unconstrained build operations Thread 9" [_thread_blocked, id=6764, stack(0x000000f2cd800000,0x000000f2cd900000)]
  0x00000221fe8c3800 JavaThread "Unconstrained build operations Thread 10" [_thread_blocked, id=5492, stack(0x000000f2cd900000,0x000000f2cda00000)]
  0x00000221fe8be800 JavaThread "Unconstrained build operations Thread 11" [_thread_blocked, id=8816, stack(0x000000f2cda00000,0x000000f2cdb00000)]
  0x00000221fe8c5000 JavaThread "Unconstrained build operations Thread 12" [_thread_blocked, id=4352, stack(0x000000f2cdb00000,0x000000f2cdc00000)]
  0x00000221fe8bf800 JavaThread "Unconstrained build operations Thread 13" [_thread_blocked, id=9052, stack(0x000000f2cdc00000,0x000000f2cdd00000)]
  0x00000221fe8c2800 JavaThread "Unconstrained build operations Thread 14" [_thread_blocked, id=3108, stack(0x000000f2cdd00000,0x000000f2cde00000)]
  0x00000221fe8c1000 JavaThread "Unconstrained build operations Thread 15" [_thread_blocked, id=1080, stack(0x000000f2cde00000,0x000000f2cdf00000)]
  0x00000221fe8c1800 JavaThread "Unconstrained build operations Thread 16" [_thread_blocked, id=7224, stack(0x000000f2cdf00000,0x000000f2ce000000)]
  0x00000221fe8c6000 JavaThread "Unconstrained build operations Thread 17" [_thread_blocked, id=10124, stack(0x000000f2ce000000,0x000000f2ce100000)]
  0x00000221fe8c0000 JavaThread "Unconstrained build operations Thread 18" [_thread_blocked, id=1152, stack(0x000000f2ce100000,0x000000f2ce200000)]
  0x00000221fe8ca000 JavaThread "Unconstrained build operations Thread 19" [_thread_blocked, id=5200, stack(0x000000f2ce200000,0x000000f2ce300000)]
  0x00000221fe8cb800 JavaThread "Unconstrained build operations Thread 20" [_thread_blocked, id=9936, stack(0x000000f2ce300000,0x000000f2ce400000)]
  0x00000221fe8c9000 JavaThread "Unconstrained build operations Thread 21" [_thread_blocked, id=5784, stack(0x000000f2ce400000,0x000000f2ce500000)]
  0x00000221fe8cc800 JavaThread "Unconstrained build operations Thread 22" [_thread_blocked, id=10036, stack(0x000000f2ce500000,0x000000f2ce600000)]
  0x00000221fe8c7800 JavaThread "Unconstrained build operations Thread 23" [_thread_blocked, id=6076, stack(0x000000f2ce600000,0x000000f2ce700000)]
  0x00000221fe8c6800 JavaThread "Unconstrained build operations Thread 24" [_thread_blocked, id=6660, stack(0x000000f2ce700000,0x000000f2ce800000)]
  0x00000221fe8cd000 JavaThread "Unconstrained build operations Thread 25" [_thread_blocked, id=8660, stack(0x000000f2ce800000,0x000000f2ce900000)]
  0x00000221fe8c8000 JavaThread "Unconstrained build operations Thread 26" [_thread_blocked, id=5464, stack(0x000000f2ce900000,0x000000f2cea00000)]
  0x00000221fe8ca800 JavaThread "Unconstrained build operations Thread 27" [_thread_blocked, id=2396, stack(0x000000f2cea00000,0x000000f2ceb00000)]
  0x00000221fef33000 JavaThread "Unconstrained build operations Thread 28" [_thread_blocked, id=9604, stack(0x000000f2ceb00000,0x000000f2cec00000)]
  0x00000221fef36800 JavaThread "Unconstrained build operations Thread 29" [_thread_blocked, id=8700, stack(0x000000f2cec00000,0x000000f2ced00000)]
  0x00000221fef37000 JavaThread "Unconstrained build operations Thread 30" [_thread_blocked, id=1848, stack(0x000000f2ced00000,0x000000f2cee00000)]
  0x00000221fef34000 JavaThread "Unconstrained build operations Thread 31" [_thread_blocked, id=7920, stack(0x000000f2cee00000,0x000000f2cef00000)]
  0x00000221fef32800 JavaThread "Unconstrained build operations Thread 32" [_thread_blocked, id=2952, stack(0x000000f2cef00000,0x000000f2cf000000)]
  0x00000221fef38000 JavaThread "Unconstrained build operations Thread 33" [_thread_blocked, id=3968, stack(0x000000f2cf000000,0x000000f2cf100000)]
  0x00000221fef39000 JavaThread "Unconstrained build operations Thread 34" [_thread_blocked, id=6704, stack(0x000000f2cf100000,0x000000f2cf200000)]
  0x00000221fef39800 JavaThread "Unconstrained build operations Thread 35" [_thread_blocked, id=6132, stack(0x000000f2cf200000,0x000000f2cf300000)]
  0x00000221fef34800 JavaThread "Unconstrained build operations Thread 36" [_thread_blocked, id=1060, stack(0x000000f2cf300000,0x000000f2cf400000)]
  0x00000221fef3b800 JavaThread "Unconstrained build operations Thread 37" [_thread_blocked, id=7216, stack(0x000000f2cf400000,0x000000f2cf500000)]
  0x00000221fef3a800 JavaThread "Unconstrained build operations Thread 38" [_thread_blocked, id=6112, stack(0x000000f2cf500000,0x000000f2cf600000)]
  0x00000221fef35800 JavaThread "Unconstrained build operations Thread 39" [_thread_blocked, id=5208, stack(0x000000f2cf600000,0x000000f2cf700000)]
  0x00000221fef41000 JavaThread "Unconstrained build operations Thread 40" [_thread_blocked, id=3452, stack(0x000000f2cf700000,0x000000f2cf800000)]
  0x00000221fef40000 JavaThread "jar transforms Thread 4" [_thread_blocked, id=4608, stack(0x000000f2cf800000,0x000000f2cf900000)]
  0x00000221fef3c000 JavaThread "Memory manager" [_thread_blocked, id=6128, stack(0x000000f2cfb00000,0x000000f2cfc00000)]
  0x00000221fef3d000 JavaThread "build event listener" [_thread_blocked, id=6700, stack(0x000000f2c9f00000,0x000000f2ca000000)]
  0x00000221fef3d800 JavaThread "Execution worker for ':'" [_thread_blocked, id=9840, stack(0x000000f2ca000000,0x000000f2ca100000)]
  0x00000221fef3e800 JavaThread "Execution worker for ':' Thread 2" [_thread_blocked, id=8404, stack(0x000000f2ca100000,0x000000f2ca200000)]
  0x0000022180858000 JavaThread "Execution worker for ':' Thread 3" [_thread_blocked, id=6048, stack(0x000000f2cfc00000,0x000000f2cfd00000)]
  0x0000022180852800 JavaThread "Cache worker for execution history cache (D:\JAVA\AmaliyDars\PDP Task\UITask\.gradle\7.3.3\executionHistory)" [_thread_blocked, id=7492, stack(0x000000f2cfd00000,0x000000f2cfe00000)]
  0x0000022180856800 JavaThread "WorkerExecutor Queue Thread 2" [_thread_blocked, id=3140, stack(0x000000f2cff00000,0x000000f2d0000000)]
  0x0000022180857000 JavaThread "WorkerExecutor Queue Thread 3" [_thread_blocked, id=8260, stack(0x000000f2d0100000,0x000000f2d0200000)]
  0x0000022180853000 JavaThread "WorkerExecutor Queue Thread 4" [_thread_blocked, id=7660, stack(0x000000f2cbe00000,0x000000f2cbf00000)]
  0x0000022180859000 JavaThread "WorkerExecutor Queue Thread 5" [_thread_blocked, id=6008, stack(0x000000f2d0000000,0x000000f2d0100000)]
  0x0000022180f6c800 JavaThread "C2 CompilerThread1" daemon [_thread_blocked, id=7532, stack(0x000000f2d0200000,0x000000f2d0300000)]
  0x0000022180859800 JavaThread "ForkJoinPool-1-worker-3" daemon [_thread_blocked, id=8448, stack(0x000000f2d0300000,0x000000f2d0400000)]
  0x0000022180854000 JavaThread "ForkJoinPool-1-worker-5" daemon [_thread_blocked, id=5148, stack(0x000000f2d0400000,0x000000f2d0500000)]
  0x000002218085a800 JavaThread "ForkJoinPool-1-worker-7" daemon [_thread_blocked, id=2460, stack(0x000000f2d0500000,0x000000f2d0600000)]
  0x0000022180854800 JavaThread "ForkJoinPool-1-worker-1" daemon [_thread_blocked, id=2560, stack(0x000000f2d0600000,0x000000f2d0700000)]
  0x000002218085b800 JavaThread "pool-3-thread-1" [_thread_blocked, id=4784, stack(0x000000f2d0700000,0x000000f2d0800000)]
  0x0000022180855800 JavaThread "stderr" [_thread_in_native, id=5044, stack(0x000000f2d0800000,0x000000f2d0900000)]
  0x000002218085e800 JavaThread "stdout" [_thread_in_native, id=7336, stack(0x000000f2d0900000,0x000000f2d0a00000)]

Other Threads:
=>0x00000221fb7d1000 VMThread "VM Thread" [stack: 0x000000f2ca800000,0x000000f2ca900000] [id=820]
  0x00000221fc302800 WatcherThread [stack: 0x000000f2cb200000,0x000000f2cb300000] [id=10024]
  0x00000221dfc76000 GCTaskThread "GC Thread#0" [stack: 0x000000f2ca300000,0x000000f2ca400000] [id=8808]
  0x00000221fc621000 GCTaskThread "GC Thread#1" [stack: 0x000000f2cb300000,0x000000f2cb400000] [id=6352]
  0x00000221fc457000 GCTaskThread "GC Thread#2" [stack: 0x000000f2cbb00000,0x000000f2cbc00000] [id=10148]
  0x00000221fc457800 GCTaskThread "GC Thread#3" [stack: 0x000000f2cbc00000,0x000000f2cbd00000] [id=5588]
  0x00000221dfca7800 ConcurrentGCThread "G1 Main Marker" [stack: 0x000000f2ca400000,0x000000f2ca500000] [id=6596]
  0x00000221dfca8800 ConcurrentGCThread "G1 Conc#0" [stack: 0x000000f2ca500000,0x000000f2ca600000] [id=7480]
  0x00000221fb630800 ConcurrentGCThread "G1 Refine#0" [stack: 0x000000f2ca600000,0x000000f2ca700000] [id=9792]
  0x00000221fb631800 ConcurrentGCThread "G1 Young RemSet Sampling" [stack: 0x000000f2ca700000,0x000000f2ca800000] [id=7300]

Threads with active compile tasks:
C2 CompilerThread0 118765 13008       4       com.android.tools.r8.internal.cZ::b (37 bytes)
C2 CompilerThread1 118765 13065       4       com.android.tools.r8.graph.S0::b (47 bytes)

VM state:at safepoint (normal execution)

VM Mutex/Monitor currently owned by a thread:  ([mutex/lock_event])
[0x00000221dfc59110] Threads_lock - owner thread: 0x00000221fb7d1000
[0x00000221dfc598f0] Heap_lock - owner thread: 0x0000022180854800

Heap address: 0x0000000080000000, size: 2048 MB, Compressed Oops mode: 32-bit
Narrow klass base: 0x0000000000000000, Narrow klass shift: 3
Compressed class space size: 1073741824 Address: 0x0000000100000000

Heap:
 garbage-first heap   total 456704K, used 154987K [0x0000000080000000, 0x0000000100000000)
  region size 1024K, 5 young (5120K), 5 survivors (5120K)
 Metaspace       used 102798K, capacity 105374K, committed 105600K, reserved 1140736K
  class space    used 13392K, capacity 14385K, committed 14464K, reserved 1048576K
Heap Regions: E=young(eden), S=young(survivor), O=old, HS=humongous(starts), HC=humongous(continues), CS=collection set, F=free, A=archive, TAMS=top-at-mark-start (previous, next)
|   0|0x0000000080000000, 0x0000000080100000, 0x0000000080100000|100%| O|  |TAMS 0x0000000080100000, 0x0000000080000000| Untracked 
|   1|0x0000000080100000, 0x0000000080200000, 0x0000000080200000|100%| O|  |TAMS 0x0000000080200000, 0x0000000080100000| Untracked 
|   2|0x0000000080200000, 0x0000000080300000, 0x0000000080300000|100%| O|  |TAMS 0x0000000080300000, 0x0000000080200000| Untracked 
|   3|0x0000000080300000, 0x0000000080400000, 0x0000000080400000|100%|HS|  |TAMS 0x0000000080400000, 0x0000000080300000| Complete 
|   4|0x0000000080400000, 0x0000000080500000, 0x0000000080500000|100%|HC|  |TAMS 0x0000000080500000, 0x0000000080400000| Complete 
|   5|0x0000000080500000, 0x0000000080600000, 0x0000000080600000|100%|HC|  |TAMS 0x0000000080600000, 0x0000000080500000| Complete 
|   6|0x0000000080600000, 0x0000000080700000, 0x0000000080700000|100%| O|  |TAMS 0x0000000080700000, 0x0000000080600000| Untracked 
|   7|0x0000000080700000, 0x0000000080800000, 0x0000000080800000|100%| O|  |TAMS 0x0000000080800000, 0x0000000080700000| Untracked 
|   8|0x0000000080800000, 0x0000000080900000, 0x0000000080900000|100%| O|  |TAMS 0x0000000080900000, 0x0000000080800000| Untracked 
|   9|0x0000000080900000, 0x0000000080a00000, 0x0000000080a00000|100%| O|  |TAMS 0x0000000080a00000, 0x0000000080900000| Untracked 
|  10|0x0000000080a00000, 0x0000000080b00000, 0x0000000080b00000|100%| O|  |TAMS 0x0000000080b00000, 0x0000000080a00000| Untracked 
|  11|0x0000000080b00000, 0x0000000080c00000, 0x0000000080c00000|100%| O|  |TAMS 0x0000000080c00000, 0x0000000080b00000| Untracked 
|  12|0x0000000080c00000, 0x0000000080d00000, 0x0000000080d00000|100%| O|  |TAMS 0x0000000080d00000, 0x0000000080c00000| Untracked 
|  13|0x0000000080d00000, 0x0000000080e00000, 0x0000000080e00000|100%| O|  |TAMS 0x0000000080e00000, 0x0000000080d00000| Untracked 
|  14|0x0000000080e00000, 0x0000000080f00000, 0x0000000080f00000|100%| O|  |TAMS 0x0000000080f00000, 0x0000000080e00000| Untracked 
|  15|0x0000000080f00000, 0x0000000081000000, 0x0000000081000000|100%| O|  |TAMS 0x0000000081000000, 0x0000000080f00000| Untracked 
|  16|0x0000000081000000, 0x0000000081100000, 0x0000000081100000|100%| O|  |TAMS 0x0000000081100000, 0x0000000081000000| Untracked 
|  17|0x0000000081100000, 0x0000000081200000, 0x0000000081200000|100%| O|  |TAMS 0x0000000081200000, 0x0000000081100000| Untracked 
|  18|0x0000000081200000, 0x0000000081300000, 0x0000000081300000|100%| O|  |TAMS 0x0000000081300000, 0x0000000081200000| Untracked 
|  19|0x0000000081300000, 0x0000000081400000, 0x0000000081400000|100%| O|  |TAMS 0x0000000081400000, 0x0000000081300000| Untracked 
|  20|0x0000000081400000, 0x0000000081500000, 0x0000000081500000|100%| O|  |TAMS 0x0000000081500000, 0x0000000081400000| Untracked 
|  21|0x0000000081500000, 0x0000000081600000, 0x0000000081600000|100%| O|  |TAMS 0x0000000081600000, 0x0000000081500000| Untracked 
|  22|0x0000000081600000, 0x0000000081700000, 0x0000000081700000|100%| O|  |TAMS 0x0000000081700000, 0x0000000081600000| Untracked 
|  23|0x0000000081700000, 0x0000000081800000, 0x0000000081800000|100%| O|  |TAMS 0x0000000081800000, 0x0000000081700000| Untracked 
|  24|0x0000000081800000, 0x0000000081900000, 0x0000000081900000|100%| O|  |TAMS 0x0000000081900000, 0x0000000081800000| Untracked 
|  25|0x0000000081900000, 0x0000000081a00000, 0x0000000081a00000|100%| O|  |TAMS 0x0000000081a00000, 0x0000000081900000| Untracked 
|  26|0x0000000081a00000, 0x0000000081b00000, 0x0000000081b00000|100%| O|  |TAMS 0x0000000081b00000, 0x0000000081a00000| Untracked 
|  27|0x0000000081b00000, 0x0000000081c00000, 0x0000000081c00000|100%| O|  |TAMS 0x0000000081c00000, 0x0000000081b00000| Untracked 
|  28|0x0000000081c00000, 0x0000000081d00000, 0x0000000081d00000|100%| O|  |TAMS 0x0000000081d00000, 0x0000000081c00000| Untracked 
|  29|0x0000000081d00000, 0x0000000081e00000, 0x0000000081e00000|100%| O|  |TAMS 0x0000000081e00000, 0x0000000081d00000| Untracked 
|  30|0x0000000081e00000, 0x0000000081f00000, 0x0000000081f00000|100%| O|  |TAMS 0x0000000081f00000, 0x0000000081e00000| Untracked 
|  31|0x0000000081f00000, 0x0000000082000000, 0x0000000082000000|100%| O|  |TAMS 0x0000000082000000, 0x0000000081f00000| Untracked 
|  32|0x0000000082000000, 0x0000000082100000, 0x0000000082100000|100%|HS|  |TAMS 0x0000000082100000, 0x0000000082000000| Complete 
|  33|0x0000000082100000, 0x0000000082200000, 0x0000000082200000|100%| O|  |TAMS 0x0000000082200000, 0x0000000082100000| Untracked 
|  34|0x0000000082200000, 0x0000000082300000, 0x0000000082300000|100%| O|  |TAMS 0x0000000082300000, 0x0000000082200000| Untracked 
|  35|0x0000000082300000, 0x0000000082400000, 0x0000000082400000|100%| O|  |TAMS 0x0000000082400000, 0x0000000082300000| Untracked 
|  36|0x0000000082400000, 0x0000000082500000, 0x0000000082500000|100%|HS|  |TAMS 0x0000000082500000, 0x0000000082400000| Complete 
|  37|0x0000000082500000, 0x0000000082600000, 0x0000000082600000|100%| O|  |TAMS 0x0000000082600000, 0x0000000082500000| Untracked 
|  38|0x0000000082600000, 0x0000000082700000, 0x0000000082700000|100%| O|  |TAMS 0x0000000082700000, 0x0000000082600000| Untracked 
|  39|0x0000000082700000, 0x0000000082800000, 0x0000000082800000|100%|HS|  |TAMS 0x0000000082800000, 0x0000000082700000| Complete 
|  40|0x0000000082800000, 0x0000000082900000, 0x0000000082900000|100%|HC|  |TAMS 0x0000000082900000, 0x0000000082800000| Complete 
|  41|0x0000000082900000, 0x0000000082a00000, 0x0000000082a00000|100%| O|  |TAMS 0x0000000082a00000, 0x0000000082900000| Untracked 
|  42|0x0000000082a00000, 0x0000000082b00000, 0x0000000082b00000|100%| O|  |TAMS 0x0000000082b00000, 0x0000000082a00000| Untracked 
|  43|0x0000000082b00000, 0x0000000082c00000, 0x0000000082c00000|100%| O|  |TAMS 0x0000000082c00000, 0x0000000082b00000| Untracked 
|  44|0x0000000082c00000, 0x0000000082d00000, 0x0000000082d00000|100%| O|  |TAMS 0x0000000082d00000, 0x0000000082c00000| Untracked 
|  45|0x0000000082d00000, 0x0000000082e00000, 0x0000000082e00000|100%| O|  |TAMS 0x0000000082e00000, 0x0000000082d00000| Untracked 
|  46|0x0000000082e00000, 0x0000000082f00000, 0x0000000082f00000|100%| O|  |TAMS 0x0000000082f00000, 0x0000000082e00000| Untracked 
|  47|0x0000000082f00000, 0x0000000083000000, 0x0000000083000000|100%| O|  |TAMS 0x0000000083000000, 0x0000000082f00000| Untracked 
|  48|0x0000000083000000, 0x0000000083100000, 0x0000000083100000|100%| O|  |TAMS 0x0000000083100000, 0x0000000083000000| Untracked 
|  49|0x0000000083100000, 0x0000000083200000, 0x0000000083200000|100%| O|  |TAMS 0x0000000083200000, 0x0000000083100000| Untracked 
|  50|0x0000000083200000, 0x0000000083300000, 0x0000000083300000|100%| O|  |TAMS 0x0000000083300000, 0x0000000083200000| Untracked 
|  51|0x0000000083300000, 0x0000000083400000, 0x0000000083400000|100%| O|  |TAMS 0x0000000083400000, 0x0000000083300000| Untracked 
|  52|0x0000000083400000, 0x0000000083500000, 0x0000000083500000|100%| O|  |TAMS 0x0000000083500000, 0x0000000083400000| Untracked 
|  53|0x0000000083500000, 0x0000000083600000, 0x0000000083600000|100%| O|  |TAMS 0x0000000083600000, 0x0000000083500000| Untracked 
|  54|0x0000000083600000, 0x0000000083700000, 0x0000000083700000|100%| O|  |TAMS 0x0000000083700000, 0x0000000083600000| Untracked 
|  55|0x0000000083700000, 0x0000000083800000, 0x0000000083800000|100%| O|  |TAMS 0x0000000083800000, 0x0000000083700000| Untracked 
|  56|0x0000000083800000, 0x0000000083900000, 0x0000000083900000|100%| O|  |TAMS 0x0000000083900000, 0x0000000083800000| Untracked 
|  57|0x0000000083900000, 0x0000000083a00000, 0x0000000083a00000|100%| O|  |TAMS 0x0000000083a00000, 0x0000000083900000| Untracked 
|  58|0x0000000083a00000, 0x0000000083b00000, 0x0000000083b00000|100%| O|  |TAMS 0x0000000083b00000, 0x0000000083a00000| Untracked 
|  59|0x0000000083b00000, 0x0000000083c00000, 0x0000000083c00000|100%| O|  |TAMS 0x0000000083c00000, 0x0000000083b00000| Untracked 
|  60|0x0000000083c00000, 0x0000000083d00000, 0x0000000083d00000|100%| O|  |TAMS 0x0000000083d00000, 0x0000000083c00000| Untracked 
|  61|0x0000000083d00000, 0x0000000083e00000, 0x0000000083e00000|100%| O|  |TAMS 0x0000000083e00000, 0x0000000083d00000| Untracked 
|  62|0x0000000083e00000, 0x0000000083f00000, 0x0000000083f00000|100%| O|  |TAMS 0x0000000083f00000, 0x0000000083e00000| Untracked 
|  63|0x0000000083f00000, 0x0000000084000000, 0x0000000084000000|100%| O|  |TAMS 0x0000000084000000, 0x0000000083f00000| Untracked 
|  64|0x0000000084000000, 0x0000000084100000, 0x0000000084100000|100%| O|  |TAMS 0x0000000084100000, 0x0000000084000000| Untracked 
|  65|0x0000000084100000, 0x0000000084200000, 0x0000000084200000|100%| O|  |TAMS 0x0000000084200000, 0x0000000084100000| Untracked 
|  66|0x0000000084200000, 0x0000000084300000, 0x0000000084300000|100%| O|  |TAMS 0x0000000084300000, 0x0000000084200000| Untracked 
|  67|0x0000000084300000, 0x0000000084400000, 0x0000000084400000|100%| O|  |TAMS 0x0000000084400000, 0x0000000084300000| Untracked 
|  68|0x0000000084400000, 0x0000000084500000, 0x0000000084500000|100%| O|  |TAMS 0x0000000084500000, 0x0000000084400000| Untracked 
|  69|0x0000000084500000, 0x0000000084600000, 0x0000000084600000|100%| O|  |TAMS 0x0000000084600000, 0x0000000084500000| Untracked 
|  70|0x0000000084600000, 0x0000000084700000, 0x0000000084700000|100%|HS|  |TAMS 0x0000000084600000, 0x0000000084600000| Complete 
|  71|0x0000000084700000, 0x0000000084800000, 0x0000000084800000|100%| O|  |TAMS 0x0000000084800000, 0x0000000084700000| Untracked 
|  72|0x0000000084800000, 0x0000000084900000, 0x0000000084900000|100%| O|  |TAMS 0x0000000084900000, 0x0000000084800000| Untracked 
|  73|0x0000000084900000, 0x0000000084a00000, 0x0000000084a00000|100%| O|  |TAMS 0x0000000084a00000, 0x0000000084900000| Untracked 
|  74|0x0000000084a00000, 0x0000000084b00000, 0x0000000084b00000|100%|HS|  |TAMS 0x0000000084b00000, 0x0000000084a00000| Complete 
|  75|0x0000000084b00000, 0x0000000084c00000, 0x0000000084c00000|100%|HC|  |TAMS 0x0000000084c00000, 0x0000000084b00000| Complete 
|  76|0x0000000084c00000, 0x0000000084d00000, 0x0000000084d00000|100%|HS|  |TAMS 0x0000000084d00000, 0x0000000084c00000| Complete 
|  77|0x0000000084d00000, 0x0000000084e00000, 0x0000000084e00000|100%|HS|  |TAMS 0x0000000084e00000, 0x0000000084d00000| Complete 
|  78|0x0000000084e00000, 0x0000000084f00000, 0x0000000084f00000|100%|HS|  |TAMS 0x0000000084f00000, 0x0000000084e00000| Complete 
|  79|0x0000000084f00000, 0x0000000085000000, 0x0000000085000000|100%|HS|  |TAMS 0x0000000084f00000, 0x0000000084f00000| Complete 
|  80|0x0000000085000000, 0x0000000085100000, 0x0000000085100000|100%| O|  |TAMS 0x0000000085100000, 0x0000000085000000| Untracked 
|  81|0x0000000085100000, 0x0000000085200000, 0x0000000085200000|100%| O|  |TAMS 0x0000000085200000, 0x0000000085100000| Untracked 
|  82|0x0000000085200000, 0x0000000085300000, 0x0000000085300000|100%| O|  |TAMS 0x0000000085300000, 0x0000000085200000| Untracked 
|  83|0x0000000085300000, 0x0000000085400000, 0x0000000085400000|100%| O|  |TAMS 0x0000000085400000, 0x0000000085300000| Untracked 
|  84|0x0000000085400000, 0x0000000085500000, 0x0000000085500000|100%| O|  |TAMS 0x0000000085500000, 0x0000000085400000| Untracked 
|  85|0x0000000085500000, 0x0000000085600000, 0x0000000085600000|100%| O|  |TAMS 0x0000000085600000, 0x0000000085500000| Untracked 
|  86|0x0000000085600000, 0x0000000085700000, 0x0000000085700000|100%| O|  |TAMS 0x0000000085700000, 0x0000000085600000| Untracked 
|  87|0x0000000085700000, 0x0000000085800000, 0x0000000085800000|100%| O|  |TAMS 0x0000000085800000, 0x0000000085700000| Untracked 
|  88|0x0000000085800000, 0x0000000085900000, 0x0000000085900000|100%| O|  |TAMS 0x0000000085900000, 0x0000000085800000| Untracked 
|  89|0x0000000085900000, 0x0000000085a00000, 0x0000000085a00000|100%| O|  |TAMS 0x0000000085a00000, 0x0000000085900000| Untracked 
|  90|0x0000000085a00000, 0x0000000085b00000, 0x0000000085b00000|100%| O|  |TAMS 0x0000000085b00000, 0x0000000085a00000| Untracked 
|  91|0x0000000085b00000, 0x0000000085c00000, 0x0000000085c00000|100%| O|  |TAMS 0x0000000085c00000, 0x0000000085b00000| Untracked 
|  92|0x0000000085c00000, 0x0000000085d00000, 0x0000000085d00000|100%| O|  |TAMS 0x0000000085c00000, 0x0000000085c00000| Untracked 
|  93|0x0000000085d00000, 0x0000000085e00000, 0x0000000085e00000|100%| O|  |TAMS 0x0000000085d00000, 0x0000000085d00000| Untracked 
|  94|0x0000000085e00000, 0x0000000085f00000, 0x0000000085f00000|100%| O|  |TAMS 0x0000000085f00000, 0x0000000085e00000| Untracked 
|  95|0x0000000085f00000, 0x0000000086000000, 0x0000000086000000|100%| O|  |TAMS 0x0000000085f00000, 0x0000000085f00000| Untracked 
|  96|0x0000000086000000, 0x0000000086100000, 0x0000000086100000|100%| O|  |TAMS 0x0000000086100000, 0x0000000086000000| Untracked 
|  97|0x0000000086100000, 0x0000000086200000, 0x0000000086200000|100%| O|  |TAMS 0x0000000086100000, 0x0000000086100000| Untracked 
|  98|0x0000000086200000, 0x0000000086300000, 0x0000000086300000|100%| O|  |TAMS 0x0000000086300000, 0x0000000086200000| Untracked 
|  99|0x0000000086300000, 0x0000000086400000, 0x0000000086400000|100%|HS|  |TAMS 0x0000000086300000, 0x0000000086300000| Complete 
| 100|0x0000000086400000, 0x0000000086500000, 0x0000000086500000|100%| O|  |TAMS 0x0000000086500000, 0x0000000086400000| Untracked 
| 101|0x0000000086500000, 0x0000000086600000, 0x0000000086600000|100%|HS|  |TAMS 0x0000000086500000, 0x0000000086500000| Complete 
| 102|0x0000000086600000, 0x0000000086700000, 0x0000000086700000|100%|HS|  |TAMS 0x0000000086600000, 0x0000000086600000| Complete 
| 103|0x0000000086700000, 0x0000000086800000, 0x0000000086800000|100%| O|  |TAMS 0x0000000086800000, 0x0000000086700000| Untracked 
| 104|0x0000000086800000, 0x0000000086900000, 0x0000000086900000|100%| O|  |TAMS 0x0000000086900000, 0x0000000086800000| Untracked 
| 105|0x0000000086900000, 0x0000000086a00000, 0x0000000086a00000|100%| O|  |TAMS 0x0000000086a00000, 0x0000000086900000| Untracked 
| 106|0x0000000086a00000, 0x0000000086b00000, 0x0000000086b00000|100%| O|  |TAMS 0x0000000086b00000, 0x0000000086a00000| Untracked 
| 107|0x0000000086b00000, 0x0000000086c00000, 0x0000000086c00000|100%| O|  |TAMS 0x0000000086c00000, 0x0000000086b00000| Untracked 
| 108|0x0000000086c00000, 0x0000000086d00000, 0x0000000086d00000|100%| O|  |TAMS 0x0000000086d00000, 0x0000000086c00000| Untracked 
| 109|0x0000000086d00000, 0x0000000086e00000, 0x0000000086e00000|100%| O|  |TAMS 0x0000000086e00000, 0x0000000086d00000| Untracked 
| 110|0x0000000086e00000, 0x0000000086f00000, 0x0000000086f00000|100%| O|  |TAMS 0x0000000086f00000, 0x0000000086e00000| Untracked 
| 111|0x0000000086f00000, 0x0000000087000000, 0x0000000087000000|100%| O|  |TAMS 0x0000000087000000, 0x0000000086f00000| Untracked 
| 112|0x0000000087000000, 0x0000000087100000, 0x0000000087100000|100%| O|  |TAMS 0x0000000087100000, 0x0000000087000000| Untracked 
| 113|0x0000000087100000, 0x0000000087200000, 0x0000000087200000|100%| O|  |TAMS 0x0000000087200000, 0x0000000087100000| Untracked 
| 114|0x0000000087200000, 0x0000000087300000, 0x0000000087300000|100%| O|  |TAMS 0x0000000087300000, 0x0000000087200000| Untracked 
| 115|0x0000000087300000, 0x0000000087400000, 0x0000000087400000|100%| O|  |TAMS 0x0000000087400000, 0x0000000087300000| Untracked 
| 116|0x0000000087400000, 0x0000000087500000, 0x0000000087500000|100%| O|  |TAMS 0x0000000087500000, 0x0000000087400000| Untracked 
| 117|0x0000000087500000, 0x0000000087600000, 0x0000000087600000|100%| O|  |TAMS 0x0000000087600000, 0x0000000087500000| Untracked 
| 118|0x0000000087600000, 0x0000000087700000, 0x0000000087700000|100%| O|  |TAMS 0x0000000087700000, 0x0000000087600000| Untracked 
| 119|0x0000000087700000, 0x0000000087800000, 0x0000000087800000|100%| O|  |TAMS 0x0000000087800000, 0x0000000087700000| Untracked 
| 120|0x0000000087800000, 0x0000000087900000, 0x0000000087900000|100%| O|  |TAMS 0x0000000087900000, 0x0000000087800000| Untracked 
| 121|0x0000000087900000, 0x0000000087a00000, 0x0000000087a00000|100%| O|  |TAMS 0x0000000087a00000, 0x0000000087900000| Untracked 
| 122|0x0000000087a00000, 0x0000000087b00000, 0x0000000087b00000|100%| O|  |TAMS 0x0000000087b00000, 0x0000000087a00000| Untracked 
| 123|0x0000000087b00000, 0x0000000087c00000, 0x0000000087c00000|100%| O|  |TAMS 0x0000000087c00000, 0x0000000087b00000| Untracked 
| 124|0x0000000087c00000, 0x0000000087d00000, 0x0000000087d00000|100%| O|  |TAMS 0x0000000087d00000, 0x0000000087c00000| Untracked 
| 125|0x0000000087d00000, 0x0000000087e00000, 0x0000000087e00000|100%| O|  |TAMS 0x0000000087e00000, 0x0000000087d00000| Untracked 
| 126|0x0000000087e00000, 0x0000000087f00000, 0x0000000087f00000|100%| O|  |TAMS 0x0000000087f00000, 0x0000000087e00000| Untracked 
| 127|0x0000000087f00000, 0x0000000088000000, 0x0000000088000000|100%| O|  |TAMS 0x0000000088000000, 0x0000000087f00000| Untracked 
| 128|0x0000000088000000, 0x0000000088100000, 0x0000000088100000|100%| O|  |TAMS 0x0000000088100000, 0x0000000088000000| Untracked 
| 129|0x0000000088100000, 0x0000000088200000, 0x0000000088200000|100%| O|  |TAMS 0x0000000088200000, 0x0000000088100000| Untracked 
| 130|0x0000000088200000, 0x0000000088300000, 0x0000000088300000|100%| O|  |TAMS 0x0000000088300000, 0x0000000088200000| Untracked 
| 131|0x0000000088300000, 0x0000000088400000, 0x0000000088400000|100%| O|  |TAMS 0x0000000088400000, 0x0000000088300000| Untracked 
| 132|0x0000000088400000, 0x0000000088500000, 0x0000000088500000|100%| O|  |TAMS 0x0000000088500000, 0x0000000088400000| Untracked 
| 133|0x0000000088500000, 0x0000000088600000, 0x0000000088600000|100%| O|  |TAMS 0x0000000088600000, 0x0000000088500000| Untracked 
| 134|0x0000000088600000, 0x0000000088700000, 0x0000000088700000|100%| O|  |TAMS 0x0000000088700000, 0x0000000088600000| Untracked 
| 135|0x0000000088700000, 0x0000000088800000, 0x0000000088800000|100%| O|  |TAMS 0x0000000088800000, 0x0000000088700000| Untracked 
| 136|0x0000000088800000, 0x0000000088900000, 0x0000000088900000|100%| O|  |TAMS 0x0000000088859800, 0x0000000088800000| Untracked 
| 137|0x0000000088900000, 0x0000000088a00000, 0x0000000088a00000|100%| O|  |TAMS 0x0000000088900000, 0x0000000088900000| Untracked 
| 138|0x0000000088a00000, 0x0000000088b00000, 0x0000000088b00000|100%| O|  |TAMS 0x0000000088a00000, 0x0000000088a00000| Untracked 
| 139|0x0000000088b00000, 0x0000000088c00000, 0x0000000088c00000|100%| O|  |TAMS 0x0000000088b00000, 0x0000000088b00000| Untracked 
| 140|0x0000000088c00000, 0x0000000088d00000, 0x0000000088d00000|100%| O|  |TAMS 0x0000000088c00000, 0x0000000088c00000| Untracked 
| 141|0x0000000088d00000, 0x0000000088e00000, 0x0000000088e00000|100%|HS|  |TAMS 0x0000000088d00000, 0x0000000088d00000| Complete 
| 142|0x0000000088e00000, 0x0000000088f00000, 0x0000000088f00000|100%| O|  |TAMS 0x0000000088e00000, 0x0000000088e00000| Untracked 
| 143|0x0000000088f00000, 0x0000000089000000, 0x0000000089000000|100%| O|  |TAMS 0x0000000088f00000, 0x0000000088f00000| Untracked 
| 144|0x0000000089000000, 0x0000000089100000, 0x0000000089100000|100%| O|  |TAMS 0x0000000089000000, 0x0000000089000000| Untracked 
| 145|0x0000000089100000, 0x0000000089200000, 0x0000000089200000|100%| O|  |TAMS 0x0000000089100000, 0x0000000089100000| Untracked 
| 146|0x0000000089200000, 0x00000000892bc400, 0x0000000089300000| 73%| O|  |TAMS 0x0000000089200000, 0x0000000089200000| Untracked 
| 147|0x0000000089300000, 0x0000000089300000, 0x0000000089400000|  0%| F|  |TAMS 0x0000000089300000, 0x0000000089300000| Untracked 
| 148|0x0000000089400000, 0x0000000089400000, 0x0000000089500000|  0%| F|  |TAMS 0x0000000089400000, 0x0000000089400000| Untracked 
| 149|0x0000000089500000, 0x0000000089500000, 0x0000000089600000|  0%| F|  |TAMS 0x0000000089500000, 0x0000000089500000| Untracked 
| 150|0x0000000089600000, 0x0000000089600000, 0x0000000089700000|  0%| F|  |TAMS 0x0000000089600000, 0x0000000089600000| Untracked 
| 151|0x0000000089700000, 0x0000000089700000, 0x0000000089800000|  0%| F|  |TAMS 0x0000000089700000, 0x0000000089700000| Untracked 
| 152|0x0000000089800000, 0x0000000089800000, 0x0000000089900000|  0%| F|  |TAMS 0x0000000089800000, 0x0000000089800000| Untracked 
| 153|0x0000000089900000, 0x0000000089900000, 0x0000000089a00000|  0%| F|  |TAMS 0x0000000089900000, 0x0000000089900000| Untracked 
| 154|0x0000000089a00000, 0x0000000089a00000, 0x0000000089b00000|  0%| F|  |TAMS 0x0000000089a00000, 0x0000000089a00000| Untracked 
| 155|0x0000000089b00000, 0x0000000089b00000, 0x0000000089c00000|  0%| F|  |TAMS 0x0000000089b00000, 0x0000000089b00000| Untracked 
| 156|0x0000000089c00000, 0x0000000089c00000, 0x0000000089d00000|  0%| F|  |TAMS 0x0000000089c00000, 0x0000000089c00000| Untracked 
| 157|0x0000000089d00000, 0x0000000089d00000, 0x0000000089e00000|  0%| F|  |TAMS 0x0000000089d00000, 0x0000000089d00000| Untracked 
| 158|0x0000000089e00000, 0x0000000089e00000, 0x0000000089f00000|  0%| F|  |TAMS 0x0000000089e00000, 0x0000000089e00000| Untracked 
| 159|0x0000000089f00000, 0x0000000089f00000, 0x000000008a000000|  0%| F|  |TAMS 0x0000000089f00000, 0x0000000089f00000| Untracked 
| 160|0x000000008a000000, 0x000000008a000000, 0x000000008a100000|  0%| F|  |TAMS 0x000000008a000000, 0x000000008a000000| Untracked 
| 161|0x000000008a100000, 0x000000008a100000, 0x000000008a200000|  0%| F|  |TAMS 0x000000008a100000, 0x000000008a100000| Untracked 
| 162|0x000000008a200000, 0x000000008a200000, 0x000000008a300000|  0%| F|  |TAMS 0x000000008a200000, 0x000000008a200000| Untracked 
| 163|0x000000008a300000, 0x000000008a300000, 0x000000008a400000|  0%| F|  |TAMS 0x000000008a300000, 0x000000008a300000| Untracked 
| 164|0x000000008a400000, 0x000000008a400000, 0x000000008a500000|  0%| F|  |TAMS 0x000000008a400000, 0x000000008a400000| Untracked 
| 165|0x000000008a500000, 0x000000008a500000, 0x000000008a600000|  0%| F|  |TAMS 0x000000008a500000, 0x000000008a500000| Untracked 
| 166|0x000000008a600000, 0x000000008a600000, 0x000000008a700000|  0%| F|  |TAMS 0x000000008a600000, 0x000000008a600000| Untracked 
| 167|0x000000008a700000, 0x000000008a700000, 0x000000008a800000|  0%| F|  |TAMS 0x000000008a700000, 0x000000008a700000| Untracked 
| 168|0x000000008a800000, 0x000000008a800000, 0x000000008a900000|  0%| F|  |TAMS 0x000000008a800000, 0x000000008a800000| Untracked 
| 169|0x000000008a900000, 0x000000008a900000, 0x000000008aa00000|  0%| F|  |TAMS 0x000000008a900000, 0x000000008a900000| Untracked 
| 170|0x000000008aa00000, 0x000000008aa00000, 0x000000008ab00000|  0%| F|  |TAMS 0x000000008aa00000, 0x000000008aa00000| Untracked 
| 171|0x000000008ab00000, 0x000000008ab00000, 0x000000008ac00000|  0%| F|  |TAMS 0x000000008ab00000, 0x000000008ab00000| Untracked 
| 172|0x000000008ac00000, 0x000000008ac00000, 0x000000008ad00000|  0%| F|  |TAMS 0x000000008ac00000, 0x000000008ac00000| Untracked 
| 173|0x000000008ad00000, 0x000000008ad00000, 0x000000008ae00000|  0%| F|  |TAMS 0x000000008ad00000, 0x000000008ad00000| Untracked 
| 174|0x000000008ae00000, 0x000000008ae00000, 0x000000008af00000|  0%| F|  |TAMS 0x000000008ae00000, 0x000000008ae00000| Untracked 
| 175|0x000000008af00000, 0x000000008af00000, 0x000000008b000000|  0%| F|  |TAMS 0x000000008af00000, 0x000000008af00000| Untracked 
| 176|0x000000008b000000, 0x000000008b000000, 0x000000008b100000|  0%| F|  |TAMS 0x000000008b000000, 0x000000008b000000| Untracked 
| 177|0x000000008b100000, 0x000000008b100000, 0x000000008b200000|  0%| F|  |TAMS 0x000000008b100000, 0x000000008b100000| Untracked 
| 178|0x000000008b200000, 0x000000008b200000, 0x000000008b300000|  0%| F|  |TAMS 0x000000008b200000, 0x000000008b200000| Untracked 
| 179|0x000000008b300000, 0x000000008b300000, 0x000000008b400000|  0%| F|  |TAMS 0x000000008b300000, 0x000000008b300000| Untracked 
| 180|0x000000008b400000, 0x000000008b400000, 0x000000008b500000|  0%| F|  |TAMS 0x000000008b400000, 0x000000008b400000| Untracked 
| 181|0x000000008b500000, 0x000000008b500000, 0x000000008b600000|  0%| F|  |TAMS 0x000000008b500000, 0x000000008b500000| Untracked 
| 182|0x000000008b600000, 0x000000008b600000, 0x000000008b700000|  0%| F|  |TAMS 0x000000008b600000, 0x000000008b600000| Untracked 
| 183|0x000000008b700000, 0x000000008b700000, 0x000000008b800000|  0%| F|  |TAMS 0x000000008b700000, 0x000000008b700000| Untracked 
| 184|0x000000008b800000, 0x000000008b800000, 0x000000008b900000|  0%| F|  |TAMS 0x000000008b800000, 0x000000008b800000| Untracked 
| 185|0x000000008b900000, 0x000000008b900000, 0x000000008ba00000|  0%| F|  |TAMS 0x000000008b900000, 0x000000008b900000| Untracked 
| 186|0x000000008ba00000, 0x000000008ba00000, 0x000000008bb00000|  0%| F|  |TAMS 0x000000008ba00000, 0x000000008ba00000| Untracked 
| 187|0x000000008bb00000, 0x000000008bb00000, 0x000000008bc00000|  0%| F|  |TAMS 0x000000008bb00000, 0x000000008bb00000| Untracked 
| 188|0x000000008bc00000, 0x000000008bc00000, 0x000000008bd00000|  0%| F|  |TAMS 0x000000008bc00000, 0x000000008bc00000| Untracked 
| 189|0x000000008bd00000, 0x000000008bd00000, 0x000000008be00000|  0%| F|  |TAMS 0x000000008bd00000, 0x000000008bd00000| Untracked 
| 190|0x000000008be00000, 0x000000008be00000, 0x000000008bf00000|  0%| F|  |TAMS 0x000000008be00000, 0x000000008be00000| Untracked 
| 191|0x000000008bf00000, 0x000000008bf00000, 0x000000008c000000|  0%| F|  |TAMS 0x000000008bf00000, 0x000000008bf00000| Untracked 
| 192|0x000000008c000000, 0x000000008c000000, 0x000000008c100000|  0%| F|  |TAMS 0x000000008c000000, 0x000000008c000000| Untracked 
| 193|0x000000008c100000, 0x000000008c19e880, 0x000000008c200000| 61%| S|CS|TAMS 0x000000008c100000, 0x000000008c100000| Complete 
| 194|0x000000008c200000, 0x000000008c300000, 0x000000008c300000|100%| S|CS|TAMS 0x000000008c200000, 0x000000008c200000| Complete 
| 195|0x000000008c300000, 0x000000008c400000, 0x000000008c400000|100%| S|CS|TAMS 0x000000008c300000, 0x000000008c300000| Complete 
| 196|0x000000008c400000, 0x000000008c400000, 0x000000008c500000|  0%| F|  |TAMS 0x000000008c400000, 0x000000008c400000| Untracked 
| 197|0x000000008c500000, 0x000000008c500000, 0x000000008c600000|  0%| F|  |TAMS 0x000000008c500000, 0x000000008c500000| Untracked 
| 198|0x000000008c600000, 0x000000008c600000, 0x000000008c700000|  0%| F|  |TAMS 0x000000008c600000, 0x000000008c600000| Untracked 
| 199|0x000000008c700000, 0x000000008c700000, 0x000000008c800000|  0%| F|  |TAMS 0x000000008c700000, 0x000000008c700000| Untracked 
| 200|0x000000008c800000, 0x000000008c800000, 0x000000008c900000|  0%| F|  |TAMS 0x000000008c800000, 0x000000008c800000| Untracked 
| 201|0x000000008c900000, 0x000000008ca00000, 0x000000008ca00000|100%| S|CS|TAMS 0x000000008c900000, 0x000000008c900000| Complete 
| 202|0x000000008ca00000, 0x000000008cb00000, 0x000000008cb00000|100%| S|CS|TAMS 0x000000008ca00000, 0x000000008ca00000| Complete 
| 203|0x000000008cb00000, 0x000000008cb00000, 0x000000008cc00000|  0%| F|  |TAMS 0x000000008cb00000, 0x000000008cb00000| Untracked 
| 204|0x000000008cc00000, 0x000000008cc00000, 0x000000008cd00000|  0%| F|  |TAMS 0x000000008cc00000, 0x000000008cc00000| Untracked 
| 205|0x000000008cd00000, 0x000000008cd00000, 0x000000008ce00000|  0%| F|  |TAMS 0x000000008cd00000, 0x000000008cd00000| Untracked 
| 206|0x000000008ce00000, 0x000000008ce00000, 0x000000008cf00000|  0%| F|  |TAMS 0x000000008ce00000, 0x000000008ce00000| Untracked 
| 207|0x000000008cf00000, 0x000000008cf00000, 0x000000008d000000|  0%| F|  |TAMS 0x000000008cf00000, 0x000000008cf00000| Untracked 
| 208|0x000000008d000000, 0x000000008d000000, 0x000000008d100000|  0%| F|  |TAMS 0x000000008d000000, 0x000000008d000000| Untracked 
| 209|0x000000008d100000, 0x000000008d100000, 0x000000008d200000|  0%| F|  |TAMS 0x000000008d100000, 0x000000008d100000| Untracked 
| 210|0x000000008d200000, 0x000000008d200000, 0x000000008d300000|  0%| F|  |TAMS 0x000000008d200000, 0x000000008d200000| Untracked 
| 211|0x000000008d300000, 0x000000008d300000, 0x000000008d400000|  0%| F|  |TAMS 0x000000008d300000, 0x000000008d300000| Untracked 
| 212|0x000000008d400000, 0x000000008d400000, 0x000000008d500000|  0%| F|  |TAMS 0x000000008d400000, 0x000000008d400000| Untracked 
| 213|0x000000008d500000, 0x000000008d500000, 0x000000008d600000|  0%| F|  |TAMS 0x000000008d500000, 0x000000008d500000| Untracked 
| 214|0x000000008d600000, 0x000000008d600000, 0x000000008d700000|  0%| F|  |TAMS 0x000000008d600000, 0x000000008d600000| Untracked 
| 215|0x000000008d700000, 0x000000008d700000, 0x000000008d800000|  0%| F|  |TAMS 0x000000008d700000, 0x000000008d700000| Untracked 
| 216|0x000000008d800000, 0x000000008d800000, 0x000000008d900000|  0%| F|  |TAMS 0x000000008d800000, 0x000000008d800000| Untracked 
| 217|0x000000008d900000, 0x000000008d900000, 0x000000008da00000|  0%| F|  |TAMS 0x000000008d900000, 0x000000008d900000| Untracked 
| 218|0x000000008da00000, 0x000000008da00000, 0x000000008db00000|  0%| F|  |TAMS 0x000000008da00000, 0x000000008da00000| Untracked 
| 219|0x000000008db00000, 0x000000008db00000, 0x000000008dc00000|  0%| F|  |TAMS 0x000000008db00000, 0x000000008db00000| Untracked 
| 220|0x000000008dc00000, 0x000000008dc00000, 0x000000008dd00000|  0%| F|  |TAMS 0x000000008dc00000, 0x000000008dc00000| Untracked 
| 221|0x000000008dd00000, 0x000000008dd00000, 0x000000008de00000|  0%| F|  |TAMS 0x000000008dd00000, 0x000000008dd00000| Untracked 
| 222|0x000000008de00000, 0x000000008de00000, 0x000000008df00000|  0%| F|  |TAMS 0x000000008de00000, 0x000000008de00000| Untracked 
| 223|0x000000008df00000, 0x000000008df00000, 0x000000008e000000|  0%| F|  |TAMS 0x000000008df00000, 0x000000008df00000| Untracked 
| 224|0x000000008e000000, 0x000000008e000000, 0x000000008e100000|  0%| F|  |TAMS 0x000000008e000000, 0x000000008e000000| Untracked 
| 225|0x000000008e100000, 0x000000008e100000, 0x000000008e200000|  0%| F|  |TAMS 0x000000008e100000, 0x000000008e100000| Untracked 
| 226|0x000000008e200000, 0x000000008e200000, 0x000000008e300000|  0%| F|  |TAMS 0x000000008e200000, 0x000000008e200000| Untracked 
| 227|0x000000008e300000, 0x000000008e300000, 0x000000008e400000|  0%| F|  |TAMS 0x000000008e300000, 0x000000008e300000| Untracked 
| 228|0x000000008e400000, 0x000000008e400000, 0x000000008e500000|  0%| F|  |TAMS 0x000000008e400000, 0x000000008e400000| Untracked 
| 229|0x000000008e500000, 0x000000008e500000, 0x000000008e600000|  0%| F|  |TAMS 0x000000008e500000, 0x000000008e500000| Untracked 
| 230|0x000000008e600000, 0x000000008e600000, 0x000000008e700000|  0%| F|  |TAMS 0x000000008e600000, 0x000000008e600000| Untracked 
| 231|0x000000008e700000, 0x000000008e700000, 0x000000008e800000|  0%| F|  |TAMS 0x000000008e700000, 0x000000008e700000| Untracked 
| 232|0x000000008e800000, 0x000000008e800000, 0x000000008e900000|  0%| F|  |TAMS 0x000000008e800000, 0x000000008e800000| Untracked 
| 233|0x000000008e900000, 0x000000008e900000, 0x000000008ea00000|  0%| F|  |TAMS 0x000000008e900000, 0x000000008e900000| Untracked 

Card table byte_map: [0x00000221f4980000,0x00000221f4d80000] _byte_map_base: 0x00000221f4580000

Marking Bits (Prev, Next): (CMBitMap*) 0x00000221dfc9ea58, (CMBitMap*) 0x00000221dfc9ea90
 Prev Bits: [0x00000221f5180000, 0x00000221f7180000)
 Next Bits: [0x00000221f7180000, 0x00000221f9180000)

Polling page: 0x00000221dfd40000

Metaspace:

Usage:
  Non-class:     88.86 MB capacity,    87.31 MB ( 98%) used,     1.24 MB (  1%) free+waste,   317.94 KB ( <1%) overhead. 
      Class:     14.05 MB capacity,    13.08 MB ( 93%) used,   850.93 KB (  6%) free+waste,   141.63 KB ( <1%) overhead. 
       Both:    102.90 MB capacity,   100.39 MB ( 98%) used,     2.07 MB (  2%) free+waste,   459.56 KB ( <1%) overhead. 

Virtual space:
  Non-class space:       90.00 MB reserved,      89.00 MB ( 99%) committed 
      Class space:        1.00 GB reserved,      14.13 MB (  1%) committed 
             Both:        1.09 GB reserved,     103.13 MB (  9%) committed 

Chunk freelists:
   Non-Class:  19.00 KB
       Class:  15.00 KB
        Both:  34.00 KB

MaxMetaspaceSize: 17179869184.00 GB
CompressedClassSpaceSize: 1.00 GB
Initial GC threshold: 20.80 MB
Current GC threshold: 169.38 MB
CDS: off

CodeHeap 'non-profiled nmethods': size=120064Kb used=8002Kb max_used=8002Kb free=112061Kb
 bounds [0x00000221eca10000, 0x00000221ed1f0000, 0x00000221f3f50000]
CodeHeap 'profiled nmethods': size=120000Kb used=28297Kb max_used=28297Kb free=91702Kb
 bounds [0x00000221e54e0000, 0x00000221e7090000, 0x00000221eca10000]
CodeHeap 'non-nmethods': size=5696Kb used=2422Kb max_used=2487Kb free=3273Kb
 bounds [0x00000221e4f50000, 0x00000221e51d0000, 0x00000221e54e0000]
 total_blobs=14129 nmethods=13187 adapters=852
 compilation: enabled
              stopped_count=0, restarted_count=0
 full_count=0

Compilation events (20 events):
Event: 116.274 Thread 0x00000221fb804000 13461       2       com.android.tools.r8.internal.kj::a (158 bytes)
Event: 116.275 Thread 0x00000221fb804000 nmethod 13461 0x00000221e707ee90 code [0x00000221e707f120, 0x00000221e707f828]
Event: 116.275 Thread 0x00000221fb804000 13462       2       com.android.tools.r8.internal.EK::<init> (15 bytes)
Event: 116.276 Thread 0x00000221fb804000 nmethod 13462 0x00000221e707fd10 code [0x00000221e707fec0, 0x00000221e7080058]
Event: 116.276 Thread 0x00000221fb804000 13466       2       com.android.tools.r8.naming.C$b::toString (54 bytes)
Event: 116.276 Thread 0x00000221fb804000 nmethod 13466 0x00000221e7080110 code [0x00000221e7080340, 0x00000221e7080758]
Event: 116.276 Thread 0x00000221fb804000 13463       2       com.android.tools.r8.naming.C$b::a (6 bytes)
Event: 116.277 Thread 0x00000221fb804000 nmethod 13463 0x00000221e7080990 code [0x00000221e7080b40, 0x00000221e7080c28]
Event: 116.277 Thread 0x00000221fb804000 13465       2       com.android.tools.r8.graph.S0::p0 (11 bytes)
Event: 116.277 Thread 0x00000221fb804000 nmethod 13465 0x00000221e7080d10 code [0x00000221e7080ec0, 0x00000221e7080fd8]
Event: 116.277 Thread 0x00000221fb804000 13467       2       com.android.tools.r8.graph.s0::c0 (5 bytes)
Event: 116.277 Thread 0x00000221fb804000 nmethod 13467 0x00000221e7081110 code [0x00000221e70812c0, 0x00000221e70813e8]
Event: 116.277 Thread 0x00000221fb804000 13468       2       com.android.tools.r8.naming.C$b::<init> (16 bytes)
Event: 116.277 Thread 0x00000221fb804000 nmethod 13468 0x00000221e7081490 code [0x00000221e7081640, 0x00000221e7081858]
Event: 116.277 Thread 0x00000221fb804000 13469       2       com.android.tools.r8.naming.C$c::<init> (10 bytes)
Event: 116.277 Thread 0x00000221fb804000 nmethod 13469 0x00000221e7081910 code [0x00000221e7081ac0, 0x00000221e7081bf8]
Event: 116.278 Thread 0x00000221fb804000 13472       2       com.android.tools.r8.internal.kj$$Lambda$1415/0x0000000100e06040::get$Lambda (11 bytes)
Event: 116.278 Thread 0x00000221fb804000 nmethod 13472 0x00000221e7081c90 code [0x00000221e7081e40, 0x00000221e7082098]
Event: 116.278 Thread 0x00000221fb804000 13473       2       com.android.tools.r8.internal.kj$$Lambda$1415/0x0000000100e06040::<init> (20 bytes)
Event: 116.279 Thread 0x00000221fb804000 nmethod 13473 0x00000221e7082190 code [0x00000221e7082340, 0x00000221e7082558]

GC Heap History (20 events):
Event: 111.650 GC heap after
{Heap after GC invocations=90 (full 0):
 garbage-first heap   total 159744K, used 121571K [0x0000000080000000, 0x0000000100000000)
  region size 1024K, 3 young (3072K), 3 survivors (3072K)
 Metaspace       used 98819K, capacity 101100K, committed 101376K, reserved 1136640K
  class space    used 12873K, capacity 13750K, committed 13824K, reserved 1048576K
}
Event: 111.678 GC heap before
{Heap before GC invocations=90 (full 0):
 garbage-first heap   total 159744K, used 125667K [0x0000000080000000, 0x0000000100000000)
  region size 1024K, 7 young (7168K), 3 survivors (3072K)
 Metaspace       used 98822K, capacity 101100K, committed 101376K, reserved 1136640K
  class space    used 12873K, capacity 13750K, committed 13824K, reserved 1048576K
}
Event: 111.692 GC heap after
{Heap after GC invocations=91 (full 0):
 garbage-first heap   total 159744K, used 123291K [0x0000000080000000, 0x0000000100000000)
  region size 1024K, 1 young (1024K), 1 survivors (1024K)
 Metaspace       used 98822K, capacity 101100K, committed 101376K, reserved 1136640K
  class space    used 12873K, capacity 13750K, committed 13824K, reserved 1048576K
}
Event: 111.757 GC heap before
{Heap before GC invocations=91 (full 0):
 garbage-first heap   total 159744K, used 132507K [0x0000000080000000, 0x0000000100000000)
  region size 1024K, 10 young (10240K), 1 survivors (1024K)
 Metaspace       used 98830K, capacity 101164K, committed 101376K, reserved 1136640K
  class space    used 12873K, capacity 13750K, committed 13824K, reserved 1048576K
}
Event: 111.781 GC heap after
{Heap after GC invocations=92 (full 0):
 garbage-first heap   total 192512K, used 128504K [0x0000000080000000, 0x0000000100000000)
  region size 1024K, 2 young (2048K), 2 survivors (2048K)
 Metaspace       used 98830K, capacity 101164K, committed 101376K, reserved 1136640K
  class space    used 12873K, capacity 13750K, committed 13824K, reserved 1048576K
}
Event: 111.885 GC heap before
{Heap before GC invocations=92 (full 0):
 garbage-first heap   total 192512K, used 146936K [0x0000000080000000, 0x0000000100000000)
  region size 1024K, 20 young (20480K), 2 survivors (2048K)
 Metaspace       used 98853K, capacity 101168K, committed 101376K, reserved 1136640K
  class space    used 12873K, capacity 13750K, committed 13824K, reserved 1048576K
}
Event: 111.907 GC heap after
{Heap after GC invocations=93 (full 0):
 garbage-first heap   total 192512K, used 138200K [0x0000000080000000, 0x0000000100000000)
  region size 1024K, 3 young (3072K), 3 survivors (3072K)
 Metaspace       used 98853K, capacity 101168K, committed 101376K, reserved 1136640K
  class space    used 12873K, capacity 13750K, committed 13824K, reserved 1048576K
}
Event: 113.116 GC heap before
{Heap before GC invocations=93 (full 0):
 garbage-first heap   total 192512K, used 152536K [0x0000000080000000, 0x0000000100000000)
  region size 1024K, 18 young (18432K), 3 survivors (3072K)
 Metaspace       used 100799K, capacity 103144K, committed 103424K, reserved 1138688K
  class space    used 13139K, capacity 14024K, committed 14080K, reserved 1048576K
}
Event: 113.145 GC heap after
{Heap after GC invocations=94 (full 0):
 garbage-first heap   total 192512K, used 142694K [0x0000000080000000, 0x0000000100000000)
  region size 1024K, 3 young (3072K), 3 survivors (3072K)
 Metaspace       used 100799K, capacity 103144K, committed 103424K, reserved 1138688K
  class space    used 13139K, capacity 14024K, committed 14080K, reserved 1048576K
}
Event: 113.515 GC heap before
{Heap before GC invocations=94 (full 0):
 garbage-first heap   total 192512K, used 156006K [0x0000000080000000, 0x0000000100000000)
  region size 1024K, 16 young (16384K), 3 survivors (3072K)
 Metaspace       used 101248K, capacity 103633K, committed 103808K, reserved 1138688K
  class space    used 13193K, capacity 14096K, committed 14208K, reserved 1048576K
}
Event: 113.537 GC heap after
{Heap after GC invocations=95 (full 0):
 garbage-first heap   total 192512K, used 145894K [0x0000000080000000, 0x0000000100000000)
  region size 1024K, 2 young (2048K), 2 survivors (2048K)
 Metaspace       used 101248K, capacity 103633K, committed 103808K, reserved 1138688K
  class space    used 13193K, capacity 14096K, committed 14208K, reserved 1048576K
}
Event: 114.258 GC heap before
{Heap before GC invocations=96 (full 0):
 garbage-first heap   total 192512K, used 154086K [0x0000000080000000, 0x0000000100000000)
  region size 1024K, 15 young (15360K), 2 survivors (2048K)
 Metaspace       used 101687K, capacity 104173K, committed 104448K, reserved 1138688K
  class space    used 13272K, capacity 14234K, committed 14336K, reserved 1048576K
}
Event: 114.361 GC heap after
{Heap after GC invocations=97 (full 0):
 garbage-first heap   total 239616K, used 142536K [0x0000000080000000, 0x0000000100000000)
  region size 1024K, 2 young (2048K), 2 survivors (2048K)
 Metaspace       used 101687K, capacity 104173K, committed 104448K, reserved 1138688K
  class space    used 13272K, capacity 14234K, committed 14336K, reserved 1048576K
}
Event: 114.589 GC heap before
{Heap before GC invocations=97 (full 0):
 garbage-first heap   total 239616K, used 151752K [0x0000000080000000, 0x0000000100000000)
  region size 1024K, 11 young (11264K), 2 survivors (2048K)
 Metaspace       used 101972K, capacity 104480K, committed 104704K, reserved 1140736K
  class space    used 13311K, capacity 14270K, committed 14336K, reserved 1048576K
}
Event: 114.599 GC heap after
{Heap after GC invocations=98 (full 0):
 garbage-first heap   total 239616K, used 140246K [0x0000000080000000, 0x0000000100000000)
  region size 1024K, 2 young (2048K), 2 survivors (2048K)
 Metaspace       used 101972K, capacity 104480K, committed 104704K, reserved 1140736K
  class space    used 13311K, capacity 14270K, committed 14336K, reserved 1048576K
}
Event: 115.003 GC heap before
{Heap before GC invocations=98 (full 0):
 garbage-first heap   total 239616K, used 169942K [0x0000000080000000, 0x0000000100000000)
  region size 1024K, 30 young (30720K), 2 survivors (2048K)
 Metaspace       used 102256K, capacity 104812K, committed 104960K, reserved 1140736K
  class space    used 13333K, capacity 14310K, committed 14336K, reserved 1048576K
}
Event: 115.023 GC heap after
{Heap after GC invocations=99 (full 0):
 garbage-first heap   total 239616K, used 143571K [0x0000000080000000, 0x0000000100000000)
  region size 1024K, 3 young (3072K), 3 survivors (3072K)
 Metaspace       used 102256K, capacity 104812K, committed 104960K, reserved 1140736K
  class space    used 13333K, capacity 14310K, committed 14336K, reserved 1048576K
}
Event: 115.919 GC heap before
{Heap before GC invocations=99 (full 0):
 garbage-first heap   total 239616K, used 175315K [0x0000000080000000, 0x0000000100000000)
  region size 1024K, 33 young (33792K), 3 survivors (3072K)
 Metaspace       used 102652K, capacity 105172K, committed 105344K, reserved 1140736K
  class space    used 13373K, capacity 14341K, committed 14464K, reserved 1048576K
}
Event: 115.940 GC heap after
{Heap after GC invocations=100 (full 0):
 garbage-first heap   total 239616K, used 148464K [0x0000000080000000, 0x0000000100000000)
  region size 1024K, 5 young (5120K), 5 survivors (5120K)
 Metaspace       used 102652K, capacity 105172K, committed 105344K, reserved 1140736K
  class space    used 13373K, capacity 14341K, committed 14464K, reserved 1048576K
}
Event: 116.292 GC heap before
{Heap before GC invocations=100 (full 0):
 garbage-first heap   total 239616K, used 181232K [0x0000000080000000, 0x0000000100000000)
  region size 1024K, 36 young (36864K), 5 survivors (5120K)
 Metaspace       used 102798K, capacity 105374K, committed 105600K, reserved 1140736K
  class space    used 13392K, capacity 14385K, committed 14464K, reserved 1048576K
}

Deoptimization events (20 events):
Event: 116.146 Thread 0x0000022180854800 Uncommon trap: trap_request=0xffffffc6 fr.pc=0x00000221ed1dde2c relative=0x000000000000082c
Event: 116.146 Thread 0x0000022180854800 Uncommon trap: reason=bimorphic_or_optimized_type_check action=maybe_recompile pc=0x00000221ed1dde2c method=com.android.tools.r8.graph.r0.a(Lcom/android/tools/r8/internal/kV;Lcom/android/tools/r8/internal/Yb;)I @ 6 c2
Event: 116.146 Thread 0x0000022180854800 DEOPT PACKING pc=0x00000221ed1dde2c sp=0x000000f2d06fe490
Event: 116.146 Thread 0x0000022180854800 DEOPT UNPACKING pc=0x00000221e4f9a1af sp=0x000000f2d06fe448 mode 2
Event: 116.146 Thread 0x0000022180854800 Uncommon trap: trap_request=0xffffffc6 fr.pc=0x00000221ed1dde2c relative=0x000000000000082c
Event: 116.146 Thread 0x0000022180854800 Uncommon trap: reason=bimorphic_or_optimized_type_check action=maybe_recompile pc=0x00000221ed1dde2c method=com.android.tools.r8.graph.r0.a(Lcom/android/tools/r8/internal/kV;Lcom/android/tools/r8/internal/Yb;)I @ 6 c2
Event: 116.146 Thread 0x0000022180854800 DEOPT PACKING pc=0x00000221ed1dde2c sp=0x000000f2d06fe490
Event: 116.146 Thread 0x0000022180854800 DEOPT UNPACKING pc=0x00000221e4f9a1af sp=0x000000f2d06fe448 mode 2
Event: 116.146 Thread 0x0000022180854800 Uncommon trap: trap_request=0xffffffc6 fr.pc=0x00000221ed1dde2c relative=0x000000000000082c
Event: 116.146 Thread 0x0000022180854800 Uncommon trap: reason=bimorphic_or_optimized_type_check action=maybe_recompile pc=0x00000221ed1dde2c method=com.android.tools.r8.graph.r0.a(Lcom/android/tools/r8/internal/kV;Lcom/android/tools/r8/internal/Yb;)I @ 6 c2
Event: 116.146 Thread 0x0000022180854800 DEOPT PACKING pc=0x00000221ed1dde2c sp=0x000000f2d06fe490
Event: 116.147 Thread 0x0000022180854800 DEOPT UNPACKING pc=0x00000221e4f9a1af sp=0x000000f2d06fe448 mode 2
Event: 116.231 Thread 0x0000022180854800 Uncommon trap: trap_request=0xffffff7e fr.pc=0x00000221ed1770e0 relative=0x00000000000002e0
Event: 116.231 Thread 0x0000022180854800 Uncommon trap: reason=predicate action=maybe_recompile pc=0x00000221ed1770e0 method=com.android.tools.r8.graph.K2.f(Ljava/util/function/Function;)Lcom/android/tools/r8/internal/QW; @ 60 c2
Event: 116.231 Thread 0x0000022180854800 DEOPT PACKING pc=0x00000221ed1770e0 sp=0x000000f2d06fe660
Event: 116.231 Thread 0x0000022180854800 DEOPT UNPACKING pc=0x00000221e4f9a1af sp=0x000000f2d06fe608 mode 2
Event: 116.252 Thread 0x0000022180854800 DEOPT PACKING pc=0x00000221e706e2ef sp=0x000000f2d06fe4b0
Event: 116.252 Thread 0x0000022180854800 DEOPT UNPACKING pc=0x00000221e4f9a95e sp=0x000000f2d06fd968 mode 0
Event: 116.255 Thread 0x0000022180854800 DEOPT PACKING pc=0x00000221e706e2ef sp=0x000000f2d06fe620
Event: 116.255 Thread 0x0000022180854800 DEOPT UNPACKING pc=0x00000221e4f9a95e sp=0x000000f2d06fdad8 mode 0

Classes redefined (0 events):
No events

Internal exceptions (20 events):
Event: 109.856 Thread 0x0000022180853000 Exception <a 'sun/nio/fs/WindowsException'{0x0000000087ab7ec8}> (0x0000000087ab7ec8) thrown at [./src/hotspot/share/prims/jni.cpp, line 615]
Event: 110.545 Thread 0x0000022180853000 Exception <a 'java/lang/NoSuchMethodError'{0x00000000893399c8}: 'java.lang.Object java.lang.invoke.DirectMethodHandle$Holder.invokeStaticInit(java.lang.Object, java.lang.Object, java.lang.Object, java.lang.Object, java.lang.Object, java.lang.Object, java.lang.Object, java.lang.Object, java.lang.Object, java.lang.Object, java.lang.Object, java.lang.Object, java.lang.Object, java.lang.Object, java.lang.Object, java.lang.Object, java.lang.Object, java.lang.Object, int, java.lang.Object, java.lang.Object)'> (0
Event: 110.779 Thread 0x0000022180858000 Exception <a 'java/lang/NoSuchMethodError'{0x0000000087f58b48}: <clinit>> (0x0000000087f58b48) thrown at [./src/hotspot/share/prims/jni.cpp, line 1365]
Event: 110.785 Thread 0x0000022180858000 Exception <a 'java/lang/NoSuchMethodError'{0x0000000087e13790}: <clinit>> (0x0000000087e13790) thrown at [./src/hotspot/share/prims/jni.cpp, line 1365]
Event: 110.787 Thread 0x0000022180858000 Exception <a 'java/lang/NoSuchMethodError'{0x0000000087e25f08}: <clinit>> (0x0000000087e25f08) thrown at [./src/hotspot/share/prims/jni.cpp, line 1365]
Event: 111.115 Thread 0x000002218085a800 Exception <a 'java/lang/IncompatibleClassChangeError'{0x0000000088bd1d40}: Found class java.lang.Object, but interface was expected> (0x0000000088bd1d40) thrown at [./src/hotspot/share/interpreter/linkResolver.cpp, line 839]
Event: 111.127 Thread 0x0000022180854800 Exception <a 'java/lang/NoSuchMethodError'{0x0000000088a570c0}: 'java.lang.Object java.lang.invoke.DirectMethodHandle$Holder.newInvokeSpecial(java.lang.Object, int)'> (0x0000000088a570c0) thrown at [./src/hotspot/share/interpreter/linkResolver.cpp, line 773]
Event: 111.244 Thread 0x0000022180859800 Exception <a 'java/lang/IncompatibleClassChangeError'{0x000000008878c860}: Found class java.lang.Object, but interface was expected> (0x000000008878c860) thrown at [./src/hotspot/share/interpreter/linkResolver.cpp, line 839]
Event: 111.244 Thread 0x0000022180859800 Exception <a 'java/lang/IncompatibleClassChangeError'{0x0000000088792450}: Found class java.lang.Object, but interface was expected> (0x0000000088792450) thrown at [./src/hotspot/share/interpreter/linkResolver.cpp, line 839]
Event: 112.466 Thread 0x0000022180853000 Exception <a 'java/lang/IncompatibleClassChangeError'{0x000000008b115538}: Found class java.lang.Object, but interface was expected> (0x000000008b115538) thrown at [./src/hotspot/share/interpreter/linkResolver.cpp, line 839]
Event: 112.584 Thread 0x0000022180856800 Exception <a 'java/lang/NoSuchMethodError'{0x000000008b1ce7d0}: 'void java.lang.invoke.DirectMethodHandle$Holder.invokeStatic(java.lang.Object, long)'> (0x000000008b1ce7d0) thrown at [./src/hotspot/share/interpreter/linkResolver.cpp, line 773]
Event: 112.585 Thread 0x0000022180856800 Exception <a 'java/lang/NoSuchMethodError'{0x000000008b1d3c30}: 'java.lang.Object java.lang.invoke.DirectMethodHandle$Holder.invokeStatic(java.lang.Object, long)'> (0x000000008b1d3c30) thrown at [./src/hotspot/share/interpreter/linkResolver.cpp, line 773]
Event: 112.592 Thread 0x0000022180856800 Exception <a 'java/lang/NoSuchMethodError'{0x000000008b1e28f8}: 'java.lang.Object java.lang.invoke.DirectMethodHandle$Holder.invokeStaticInit(java.lang.Object, java.lang.Object, long, java.lang.Object)'> (0x000000008b1e28f8) thrown at [./src/hotspot/share/interpreter/linkResolver.cpp, line 773]
Event: 112.593 Thread 0x0000022180856800 Exception <a 'java/lang/NoSuchMethodError'{0x000000008b1e8cd8}: 'java.lang.Object java.lang.invoke.DirectMethodHandle$Holder.invokeStatic(java.lang.Object, java.lang.Object, long)'> (0x000000008b1e8cd8) thrown at [./src/hotspot/share/interpreter/linkResolver.cpp, line 773]
Event: 112.594 Thread 0x0000022180856800 Exception <a 'java/lang/NoSuchMethodError'{0x000000008b1ef750}: 'java.lang.Object java.lang.invoke.Invokers$Holder.linkToTargetMethod(java.lang.Object, long, java.lang.Object)'> (0x000000008b1ef750) thrown at [./src/hotspot/share/interpreter/linkResolver.cpp, line 773]
Event: 113.610 Thread 0x0000022180853000 Exception <a 'java/lang/IncompatibleClassChangeError'{0x000000008baba550}: Found class java.lang.Object, but interface was expected> (0x000000008baba550) thrown at [./src/hotspot/share/interpreter/linkResolver.cpp, line 839]
Event: 113.692 Thread 0x0000022180853000 Exception <a 'java/lang/NoSuchMethodError'{0x000000008b921e40}: 'java.lang.Object java.lang.invoke.Invokers$Holder.linkToTargetMethod(java.lang.Object, int, java.lang.Object, java.lang.Object, java.lang.Object, java.lang.Object)'> (0x000000008b921e40) thrown at [./src/hotspot/share/interpreter/linkResolver.cpp, line 773]
Event: 113.695 Thread 0x0000022180853000 Exception <a 'java/lang/NoSuchMethodError'{0x000000008b93d220}: 'java.lang.Object java.lang.invoke.Invokers$Holder.linkToTargetMethod(java.lang.Object, java.lang.Object, java.lang.Object, int, java.lang.Object, java.lang.Object, java.lang.Object)'> (0x000000008b93d220) thrown at [./src/hotspot/share/interpreter/linkResolver.cpp, line 773]
Event: 114.042 Thread 0x0000022180853000 Exception <a 'java/lang/NoSuchMethodError'{0x000000008b833cc0}: 'void java.lang.invoke.DirectMethodHandle$Holder.invokeStatic(java.lang.Object, java.lang.Object, java.lang.Object, java.lang.Object, java.lang.Object, java.lang.Object, java.lang.Object, java.lang.Object)'> (0x000000008b833cc0) thrown at [./src/hotspot/share/interpreter/linkResolver.cpp, line 773]
Event: 115.280 Thread 0x0000022180853000 Exception <a 'java/lang/IncompatibleClassChangeError'{0x000000008dd3a920}: Found class java.lang.Object, but interface was expected> (0x000000008dd3a920) thrown at [./src/hotspot/share/interpreter/linkResolver.cpp, line 839]

Events (20 events):
Event: 116.231 loading class com/android/tools/r8/graph/q0 done
Event: 116.231 loading class com/android/tools/r8/graph/A
Event: 116.231 loading class com/android/tools/r8/graph/A done
Event: 116.231 loading class com/android/tools/r8/graph/o0
Event: 116.231 loading class com/android/tools/r8/graph/o0 done
Event: 116.259 loading class com/android/tools/r8/internal/hj
Event: 116.259 loading class com/android/tools/r8/internal/hj done
Event: 116.265 loading class com/android/tools/r8/graph/Z2
Event: 116.265 loading class com/android/tools/r8/graph/Z2 done
Event: 116.265 loading class com/android/tools/r8/internal/kj
Event: 116.265 loading class com/android/tools/r8/internal/kj done
Event: 116.266 loading class com/android/tools/r8/internal/EK
Event: 116.266 loading class com/android/tools/r8/internal/EK done
Event: 116.266 loading class com/android/tools/r8/naming/C$b
Event: 116.266 loading class com/android/tools/r8/naming/C$b done
Event: 116.267 loading class com/android/tools/r8/naming/C$c
Event: 116.267 loading class com/android/tools/r8/naming/C$c done
Event: 116.268 loading class com/android/tools/r8/naming/C
Event: 116.268 loading class com/android/tools/r8/naming/C done
Event: 116.292 Executing VM operation: G1CollectForAllocation


Dynamic libraries:
0x00007ff7a4370000 - 0x00007ff7a437a000 	C:\Program Files\Android\Android Studio\jre\bin\java.exe
0x00007ffcd3790000 - 0x00007ffcd3985000 	C:\Windows\SYSTEM32\ntdll.dll
0x00007ffcd31b0000 - 0x00007ffcd326e000 	C:\Windows\System32\KERNEL32.DLL
0x00007ffcd1220000 - 0x00007ffcd14e8000 	C:\Windows\System32\KERNELBASE.dll
0x00007ffcd1630000 - 0x00007ffcd1730000 	C:\Windows\System32\ucrtbase.dll
0x00007ffcc9c80000 - 0x00007ffcc9c97000 	C:\Program Files\Android\Android Studio\jre\bin\VCRUNTIME140.dll
0x00007ffcb11d0000 - 0x00007ffcb11e9000 	C:\Program Files\Android\Android Studio\jre\bin\jli.dll
0x00007ffcd3270000 - 0x00007ffcd3410000 	C:\Windows\System32\USER32.dll
0x00007ffcd11f0000 - 0x00007ffcd1212000 	C:\Windows\System32\win32u.dll
0x00007ffcbe4b0000 - 0x00007ffcbe74a000 	C:\Windows\WinSxS\amd64_microsoft.windows.common-controls_6595b64144ccf1df_6.0.19041.1110_none_60b5254171f9507e\COMCTL32.dll
0x00007ffcd3470000 - 0x00007ffcd349a000 	C:\Windows\System32\GDI32.dll
0x00007ffcd2310000 - 0x00007ffcd23ae000 	C:\Windows\System32\msvcrt.dll
0x00007ffcd14f0000 - 0x00007ffcd15fb000 	C:\Windows\System32\gdi32full.dll
0x00007ffcd0ff0000 - 0x00007ffcd108d000 	C:\Windows\System32\msvcp_win.dll
0x00007ffcd23b0000 - 0x00007ffcd23e0000 	C:\Windows\System32\IMM32.DLL
0x00007ffcae1a0000 - 0x00007ffcae23d000 	C:\Program Files\Android\Android Studio\jre\bin\msvcp140.dll
0x00007ffc9a780000 - 0x00007ffc9b265000 	C:\Program Files\Android\Android Studio\jre\bin\server\jvm.dll
0x00007ffcd21a0000 - 0x00007ffcd224e000 	C:\Windows\System32\ADVAPI32.dll
0x00007ffcd2fc0000 - 0x00007ffcd305c000 	C:\Windows\System32\sechost.dll
0x00007ffcd2070000 - 0x00007ffcd2195000 	C:\Windows\System32\RPCRT4.dll
0x00007ffcd3740000 - 0x00007ffcd3748000 	C:\Windows\System32\PSAPI.DLL
0x00007ffcbf340000 - 0x00007ffcbf367000 	C:\Windows\SYSTEM32\WINMM.dll
0x00007ffcc91e0000 - 0x00007ffcc91ea000 	C:\Windows\SYSTEM32\VERSION.dll
0x00007ffcc9cd0000 - 0x00007ffcc9cd9000 	C:\Windows\SYSTEM32\WSOCK32.dll
0x00007ffcd2ce0000 - 0x00007ffcd2d4b000 	C:\Windows\System32\ws2_32.DLL
0x00007ffccedd0000 - 0x00007ffccede2000 	C:\Windows\SYSTEM32\kernel.appcore.dll
0x00007ffcc0340000 - 0x00007ffcc0351000 	C:\Program Files\Android\Android Studio\jre\bin\verify.dll
0x00007ffcbf060000 - 0x00007ffcbf244000 	C:\Windows\SYSTEM32\DBGHELP.DLL
0x00007ffcc1d30000 - 0x00007ffcc1d5c000 	C:\Windows\SYSTEM32\dbgcore.DLL
0x00007ffcd0f60000 - 0x00007ffcd0fe2000 	C:\Windows\System32\bcryptPrimitives.dll
0x00007ffcbf3a0000 - 0x00007ffcbf3c9000 	C:\Program Files\Android\Android Studio\jre\bin\java.dll
0x00007ffcc9cc0000 - 0x00007ffcc9ccb000 	C:\Program Files\Android\Android Studio\jre\bin\jimage.dll
0x00007ffcbf320000 - 0x00007ffcbf338000 	C:\Program Files\Android\Android Studio\jre\bin\zip.dll
0x00007ffcd2590000 - 0x00007ffcd2cd4000 	C:\Windows\System32\SHELL32.dll
0x00007ffccefd0000 - 0x00007ffccf764000 	C:\Windows\SYSTEM32\windows.storage.dll
0x00007ffcd1d10000 - 0x00007ffcd2064000 	C:\Windows\System32\combase.dll
0x00007ffcd0850000 - 0x00007ffcd087c000 	C:\Windows\SYSTEM32\Wldp.dll
0x00007ffcd17f0000 - 0x00007ffcd189d000 	C:\Windows\System32\SHCORE.dll
0x00007ffcd3410000 - 0x00007ffcd3465000 	C:\Windows\System32\shlwapi.dll
0x00007ffcd0df0000 - 0x00007ffcd0e0f000 	C:\Windows\SYSTEM32\profapi.dll
0x00007ffcbd360000 - 0x00007ffcbd37a000 	C:\Program Files\Android\Android Studio\jre\bin\net.dll
0x00007ffcc9590000 - 0x00007ffcc969a000 	C:\Windows\SYSTEM32\WINHTTP.dll
0x00007ffcd05b0000 - 0x00007ffcd061a000 	C:\Windows\system32\mswsock.dll
0x00007ffcbd340000 - 0x00007ffcbd354000 	C:\Program Files\Android\Android Studio\jre\bin\nio.dll
0x00007ffcc4540000 - 0x00007ffcc4567000 	C:\Users\User\.gradle\native\e1d6ef7f7dcc3fd88c89a11ec53ec762bb8ba0a96d01ffa2cd45eb1d1d8dd5c5\windows-amd64\native-platform.dll
0x00007ffcb1080000 - 0x00007ffcb11c4000 	C:\Users\User\.gradle\native\5664cfc778a61ccfe75a443a1ab52a65af34e5dc3c78e0209fed803814484fcb\windows-amd64\native-platform-file-events.dll
0x00007ffcc9c70000 - 0x00007ffcc9c7a000 	C:\Program Files\Android\Android Studio\jre\bin\management.dll
0x00007ffcc8a40000 - 0x00007ffcc8a4d000 	C:\Program Files\Android\Android Studio\jre\bin\management_ext.dll
0x00007ffcd07a0000 - 0x00007ffcd07b8000 	C:\Windows\SYSTEM32\CRYPTSP.dll
0x00007ffccff30000 - 0x00007ffccff64000 	C:\Windows\system32\rsaenh.dll
0x00007ffcd1600000 - 0x00007ffcd1627000 	C:\Windows\System32\bcrypt.dll
0x00007ffcd0d70000 - 0x00007ffcd0d9e000 	C:\Windows\SYSTEM32\USERENV.dll
0x00007ffcd07c0000 - 0x00007ffcd07cc000 	C:\Windows\SYSTEM32\CRYPTBASE.dll
0x00007ffcd02a0000 - 0x00007ffcd02db000 	C:\Windows\SYSTEM32\IPHLPAPI.DLL
0x00007ffcd31a0000 - 0x00007ffcd31a8000 	C:\Windows\System32\NSI.dll
0x00007ffcc9350000 - 0x00007ffcc9367000 	C:\Windows\SYSTEM32\dhcpcsvc6.DLL
0x00007ffcca080000 - 0x00007ffcca09d000 	C:\Windows\SYSTEM32\dhcpcsvc.DLL
0x00007ffcd02e0000 - 0x00007ffcd03ab000 	C:\Windows\SYSTEM32\DNSAPI.dll
0x00007ffccfbc0000 - 0x00007ffccfbf3000 	C:\Windows\SYSTEM32\ntmarta.dll

dbghelp: loaded successfully - version: 4.0.5 - missing functions: none
symbol engine: initialized successfully - sym options: 0x614 - pdb path: .;C:\Program Files\Android\Android Studio\jre\bin;C:\Windows\SYSTEM32;C:\Windows\WinSxS\amd64_microsoft.windows.common-controls_6595b64144ccf1df_6.0.19041.1110_none_60b5254171f9507e;C:\Program Files\Android\Android Studio\jre\bin\server;C:\Users\User\.gradle\native\e1d6ef7f7dcc3fd88c89a11ec53ec762bb8ba0a96d01ffa2cd45eb1d1d8dd5c5\windows-amd64;C:\Users\User\.gradle\native\5664cfc778a61ccfe75a443a1ab52a65af34e5dc3c78e0209fed803814484fcb\windows-amd64

VM Arguments:
jvm_args: --add-opens=java.base/java.util=ALL-UNNAMED --add-opens=java.base/java.lang=ALL-UNNAMED --add-opens=java.base/java.lang.invoke=ALL-UNNAMED --add-opens=java.base/java.util=ALL-UNNAMED --add-opens=java.prefs/java.util.prefs=ALL-UNNAMED --add-opens=java.prefs/java.util.prefs=ALL-UNNAMED --add-opens=java.base/java.nio.charset=ALL-UNNAMED --add-opens=java.base/java.net=ALL-UNNAMED --add-opens=java.base/java.util.concurrent.atomic=ALL-UNNAMED -Xmx2048m -Dfile.encoding=UTF-8 -Duser.country=RU -Duser.language=ru -Duser.variant 
java_command: org.gradle.launcher.daemon.bootstrap.GradleDaemon 7.3.3
java_class_path (initial): C:\Users\User\.gradle\wrapper\dists\gradle-7.3.3-bin\6a41zxkdtcxs8rphpq6y0069z\gradle-7.3.3\lib\gradle-launcher-7.3.3.jar
Launcher Type: SUN_STANDARD

[Global flags]
     intx CICompilerCount                          = 3                                         {product} {ergonomic}
     uint ConcGCThreads                            = 1                                         {product} {ergonomic}
     uint G1ConcRefinementThreads                  = 4                                         {product} {ergonomic}
   size_t G1HeapRegionSize                         = 1048576                                   {product} {ergonomic}
    uintx GCDrainStackTargetSize                   = 64                                        {product} {ergonomic}
   size_t InitialHeapSize                          = 65011712                                  {product} {ergonomic}
   size_t MarkStackSize                            = 4194304                                   {product} {ergonomic}
   size_t MaxHeapSize                              = 2147483648                                {product} {command line}
   size_t MaxNewSize                               = 1287651328                                {product} {ergonomic}
   size_t MinHeapDeltaBytes                        = 1048576                                   {product} {ergonomic}
    uintx NonNMethodCodeHeapSize                   = 5830732                                {pd product} {ergonomic}
    uintx NonProfiledCodeHeapSize                  = 122913754                              {pd product} {ergonomic}
    uintx ProfiledCodeHeapSize                     = 122913754                              {pd product} {ergonomic}
    uintx ReservedCodeCacheSize                    = 251658240                              {pd product} {ergonomic}
     bool SegmentedCodeCache                       = true                                      {product} {ergonomic}
     bool UseCompressedClassPointers               = true                                 {lp64_product} {ergonomic}
     bool UseCompressedOops                        = true                                 {lp64_product} {ergonomic}
     bool UseG1GC                                  = true                                      {product} {ergonomic}
     bool UseLargePagesIndividualAllocation        = false                                  {pd product} {ergonomic}

Logging:
Log output configuration:
 #0: stdout all=warning uptime,level,tags
 #1: stderr all=off uptime,level,tags

Environment Variables:
JAVA_HOME=C:\Program Files\Java\jdk-17.0.2
PATH=C:\Program Files\Common Files\Oracle\Java\javapath;C:\Windows\system32;C:\Windows;C:\Windows\System32\Wbem;C:\Windows\System32\WindowsPowerShell\v1.0\;C:\Windows\System32\OpenSSH\;C:\Program Files\7-Zip;C:\Program Files\Java\jdk-17.0.2\bin;C:\Program Files (x86)\Autodesk\Backburner\;C:\Program Files (x86)\Common Files\Autodesk Shared\;C:\Program Files\Common Files\Autodesk Shared\;C:\Program Files\Git\cmd;C:\Users\User\AppData\Local\Microsoft\WindowsApps;C:\Program Files (x86)\CodeBlocks\MinGW\bin;
USERNAME=User
OS=Windows_NT
PROCESSOR_IDENTIFIER=Intel64 Family 6 Model 78 Stepping 3, GenuineIntel



---------------  S Y S T E M  ---------------

OS: Windows 10 , 64 bit Build 19041 (10.0.19041.1645)
OS uptime: 0 days 12:11 hours

CPU:total 4 (initial active 4) (2 cores per cpu, 2 threads per core) family 6 model 78 stepping 3 microcode 0xcc, cmov, cx8, fxsr, mmx, sse, sse2, sse3, ssse3, sse4.1, sse4.2, popcnt, avx, avx2, aes, clmul, erms, 3dnowpref, lzcnt, ht, tsc, tscinvbit, bmi1, bmi2, adx, fma

Memory: 4k page, system-wide physical 3915M (1237M free)
TotalPageFile size 5963M (AvailPageFile size 198M)
current process WorkingSet (physical memory assigned to process): 451M, peak: 451M
current process commit charge ("private bytes"): 555M, peak: 768M

vm_info: OpenJDK 64-Bit Server VM (11.0.12+7-b1504.28-7817840) for windows-amd64 JRE (11.0.12+7-b1504.28-7817840), built on Oct 13 2021 22:12:33 by "builder" with MS VC++ 14.0 (VS2015)

END.
